#
# There is insufficient memory for the Java Runtime Environment to continue.
# Native memory allocation (malloc) failed to allocate 901488 bytes. Error detail: Chunk::new
# Possible reasons:
#   The system is out of physical RAM or swap space
#   This process is running with CompressedOops enabled, and the Java Heap may be blocking the growth of the native heap
# Possible solutions:
#   Reduce memory load on the system
#   Increase physical memory or swap space
#   Check if swap backing store is full
#   Decrease Java heap size (-Xmx/-Xms)
#   Decrease number of Java threads
#   Decrease Java thread stack sizes (-Xss)
#   Set larger code cache with -XX:ReservedCodeCacheSize=
#   JVM is running with Unscaled Compressed Oops mode in which the Java heap is
#     placed in the first 4GB address space. The Java Heap base address is the
#     maximum limit for the native heap growth. Please use -XX:HeapBaseMinAddress
#     to set the Java Heap base and to place the Java Heap above 4GB virtual address.
# This output file may be truncated or incomplete.
#
#  Out of Memory Error (arena.cpp:168), pid=5072, tid=17068
#
# JRE version: OpenJDK Runtime Environment Microsoft-11369940 (21.0.7+6) (build 21.0.7+6-LTS)
# Java VM: OpenJDK 64-Bit Server VM Microsoft-11369940 (21.0.7+6-LTS, mixed mode, tiered, compressed oops, compressed class ptrs, g1 gc, windows-amd64)
# No core dump will be written. Minidumps are not enabled by default on client versions of Windows
#

---------------  S U M M A R Y ------------

Command Line: -XX:HeapDumpPath=MojangTricksIntelDriversForPerformance_javaw.exe_minecraft.exe.heapdump -Xss1M -Djava.library.path=\AppData\Roaming\.minecraft\bin\14d816dd95b06eb687929ce27a2680c53259ca0b -Djna.tmpdir=\AppData\Roaming\.minecraft\bin\14d816dd95b06eb687929ce27a2680c53259ca0b -Dorg.lwjgl.system.SharedLibraryExtractPath=\AppData\Roaming\.minecraft\bin\14d816dd95b06eb687929ce27a2680c53259ca0b -Dio.netty.native.workdir=\AppData\Roaming\.minecraft\bin\14d816dd95b06eb687929ce27a2680c53259ca0b -Dminecraft.launcher.brand=minecraft-launcher -Dminecraft.launcher.version=3.32.9 -DFabricMcEmu= net.minecraft.client.main.Main  -Xmx2G -XX:+UnlockExperimentalVMOptions -XX:+UseG1GC -XX:G1NewSizePercent=20 -XX:G1ReservePercent=20 -XX:MaxGCPauseMillis=50 -XX:G1HeapRegionSize=32M -Dlog4j.configurationFile=\AppData\Roaming\.minecraft\assets\log_configs\client-1.12.xml net.fabricmc.loader.impl.launch.knot.KnotClient --version fabric-loader-0.18.4-1.21.1 --gameDir \Downloads\Squid Games Instace --assetsDir \AppData\Roaming\.minecraft\assets --assetIndex 17 --userType msa --versionType release --quickPlayPath \AppData\Roaming\.minecraft\quickPlay\java\1779649095754.json

Host: 11th Gen Intel(R) Core(TM) i5-11400F @ 2.60GHz, 12 cores, 15G,  Windows 11 , 64 bit Build 26100 (10.0.26100.8328)
Time: Sun May 24 20:58:16 2026 Hora de verano romance elapsed time: 0.993340 seconds (0d 0h 0m 0s)

---------------  T H R E A D  ---------------

Current thread (0x000001bf43a72d60):  JavaThread "C2 CompilerThread0" daemon [_thread_in_native, id=17068, stack(0x000000a924f00000,0x000000a925000000) (1024K)]


Current CompileTask:
C2:993  702   !   4       java.util.jar.Attributes::read (494 bytes)

Stack: [0x000000a924f00000,0x000000a925000000]
Native frames: (J=compiled Java code, j=interpreted, Vv=VM code, C=native code)
V  [jvm.dll+0x6d4bb9]
V  [jvm.dll+0x8afa11]
V  [jvm.dll+0x8b1f3e]
V  [jvm.dll+0x8b2623]
V  [jvm.dll+0x280816]
V  [jvm.dll+0xc52bd]
V  [jvm.dll+0xc57f3]
V  [jvm.dll+0x3bbd5c]
V  [jvm.dll+0x3884b0]
V  [jvm.dll+0x38792a]
V  [jvm.dll+0x248405]
V  [jvm.dll+0x2479df]
V  [jvm.dll+0x1c7aaf]
V  [jvm.dll+0x257819]
V  [jvm.dll+0x255bca]
V  [jvm.dll+0x3f5af6]
V  [jvm.dll+0x85916b]
V  [jvm.dll+0x6d327d]
C  [ucrtbase.dll+0x37b0]
C  [KERNEL32.DLL+0x2e957]
C  [ntdll.dll+0x427c]


---------------  P R O C E S S  ---------------

Threads class SMR info:
_java_thread_list=0x000001bf43dcff70, length=13, elements={
0x000001bf296b5b90, 0x000001bf43a49ce0, 0x000001bf43a4a730, 0x000001bf43ac12e0,
0x000001bf43a4d2c0, 0x000001bf43ac2140, 0x000001bf43a70300, 0x000001bf43a72d60,
0x000001bf43a76810, 0x000001bf43c3ee90, 0x000001bf43c48ab0, 0x000001bf4808ef30,
0x000001bf487e2310
}

Java Threads: ( => current thread )
  0x000001bf296b5b90 JavaThread "main"                              [_thread_in_vm, id=17404, stack(0x000000a924100000,0x000000a924200000) (1024K)]
  0x000001bf43a49ce0 JavaThread "Reference Handler"          daemon [_thread_blocked, id=30984, stack(0x000000a924900000,0x000000a924a00000) (1024K)]
  0x000001bf43a4a730 JavaThread "Finalizer"                  daemon [_thread_blocked, id=28560, stack(0x000000a924a00000,0x000000a924b00000) (1024K)]
  0x000001bf43ac12e0 JavaThread "Signal Dispatcher"          daemon [_thread_blocked, id=30712, stack(0x000000a924b00000,0x000000a924c00000) (1024K)]
  0x000001bf43a4d2c0 JavaThread "Attach Listener"            daemon [_thread_blocked, id=29940, stack(0x000000a924c00000,0x000000a924d00000) (1024K)]
  0x000001bf43ac2140 JavaThread "Service Thread"             daemon [_thread_blocked, id=25612, stack(0x000000a924d00000,0x000000a924e00000) (1024K)]
  0x000001bf43a70300 JavaThread "Monitor Deflation Thread"   daemon [_thread_blocked, id=132, stack(0x000000a924e00000,0x000000a924f00000) (1024K)]
=>0x000001bf43a72d60 JavaThread "C2 CompilerThread0"         daemon [_thread_in_native, id=17068, stack(0x000000a924f00000,0x000000a925000000) (1024K)]
  0x000001bf43a76810 JavaThread "C1 CompilerThread0"         daemon [_thread_blocked, id=18868, stack(0x000000a925000000,0x000000a925100000) (1024K)]
  0x000001bf43c3ee90 JavaThread "Notification Thread"        daemon [_thread_blocked, id=30360, stack(0x000000a925100000,0x000000a925200000) (1024K)]
  0x000001bf43c48ab0 JavaThread "Common-Cleaner"             daemon [_thread_blocked, id=17960, stack(0x000000a925200000,0x000000a925300000) (1024K)]
  0x000001bf4808ef30 JavaThread "C2 CompilerThread1"         daemon [_thread_blocked, id=23540, stack(0x000000a925300000,0x000000a925400000) (1024K)]
  0x000001bf487e2310 JavaThread "C2 CompilerThread2"         daemon [_thread_blocked, id=28312, stack(0x000000a925400000,0x000000a925500000) (1024K)]
Total: 13

Other Threads:
  0x000001bf439d4350 VMThread "VM Thread"                           [id=29920, stack(0x000000a924800000,0x000000a924900000) (1024K)]
  0x000001bf439ac410 WatcherThread "VM Periodic Task Thread"        [id=19880, stack(0x000000a924700000,0x000000a924800000) (1024K)]
  0x000001bf296e9120 WorkerThread "GC Thread#0"                     [id=30644, stack(0x000000a924200000,0x000000a924300000) (1024K)]
  0x000001bf296ea6b0 ConcurrentGCThread "G1 Main Marker"            [id=11508, stack(0x000000a924300000,0x000000a924400000) (1024K)]
  0x000001bf296ec420 WorkerThread "G1 Conc#0"                       [id=18628, stack(0x000000a924400000,0x000000a924500000) (1024K)]
  0x000001bf29726400 ConcurrentGCThread "G1 Refine#0"               [id=6768, stack(0x000000a924500000,0x000000a924600000) (1024K)]
  0x000001bf29726d20 ConcurrentGCThread "G1 Service"                [id=9004, stack(0x000000a924600000,0x000000a924700000) (1024K)]
Total: 7

Threads with active compile tasks:
C2 CompilerThread0  1011  702   !   4       java.util.jar.Attributes::read (494 bytes)
Total: 1

VM state: not at safepoint (normal execution)

VM Mutex/Monitor currently owned by a thread: None

Heap address: 0x0000000080000000, size: 2048 MB, Compressed Oops mode: 32-bit

CDS archive(s) not mapped
Compressed class space mapped at: 0x0000000100000000-0x0000000140000000, reserved size: 1073741824
Narrow klass base: 0x0000000000000000, Narrow klass shift: 3, Narrow klass range: 0x140000000

GC Precious Log:
 CardTable entry size: 512
 Card Set container configuration: InlinePtr #cards 3 size 8 Array Of Cards #cards 256 size 528 Howl #buckets 8 coarsen threshold 58982 Howl Bitmap #cards 8192 size 1040 coarsen threshold 7372 Card regions per heap region 1 cards per card region 65536
 CPUs: 12 total, 12 available
 Memory: 16251M
 Large Page Support: Disabled
 NUMA Support: Disabled
 Compressed Oops: Enabled (32-bit)
 Heap Region Size: 32M
 Heap Min Capacity: 32M
 Heap Initial Capacity: 256M
 Heap Max Capacity: 2G
 Pre-touch: Disabled
 Parallel Workers: 10
 Concurrent Workers: 3
 Concurrent Refinement Workers: 10
 Periodic GC: Disabled

Heap:
 garbage-first heap   total 262144K, used 0K [0x0000000080000000, 0x0000000100000000)
  region size 32768K, 1 young (32768K), 0 survivors (0K)
 Metaspace       used 11149K, committed 11264K, reserved 1114112K
  class space    used 920K, committed 1024K, reserved 1048576K

Heap Regions: E=young(eden), S=young(survivor), O=old, HS=humongous(starts), HC=humongous(continues), CS=collection set, F=free, TAMS=top-at-mark-start, PB=parsable bottom
|   0|0x0000000080000000, 0x0000000080000000, 0x0000000082000000|  0%| F|  |TAMS 0x0000000080000000| PB 0x0000000080000000| Untracked 
|   1|0x0000000082000000, 0x0000000082000000, 0x0000000084000000|  0%| F|  |TAMS 0x0000000082000000| PB 0x0000000082000000| Untracked 
|   2|0x0000000084000000, 0x0000000084000000, 0x0000000086000000|  0%| F|  |TAMS 0x0000000084000000| PB 0x0000000084000000| Untracked 
|   3|0x0000000086000000, 0x0000000086000000, 0x0000000088000000|  0%| F|  |TAMS 0x0000000086000000| PB 0x0000000086000000| Untracked 
|   4|0x0000000088000000, 0x0000000088000000, 0x000000008a000000|  0%| F|  |TAMS 0x0000000088000000| PB 0x0000000088000000| Untracked 
|   5|0x000000008a000000, 0x000000008a000000, 0x000000008c000000|  0%| F|  |TAMS 0x000000008a000000| PB 0x000000008a000000| Untracked 
|   6|0x000000008c000000, 0x000000008c000000, 0x000000008e000000|  0%| F|  |TAMS 0x000000008c000000| PB 0x000000008c000000| Untracked 
|   7|0x000000008e000000, 0x000000008f914f88, 0x0000000090000000| 78%| E|  |TAMS 0x000000008e000000| PB 0x000000008e000000| Complete 

Card table byte_map: [0x000001bf3e9e0000,0x000001bf3ede0000] _byte_map_base: 0x000001bf3e5e0000

Marking Bits: (CMBitMap*) 0x000001bf296e95d0
 Bits: [0x000001bf3ede0000, 0x000001bf40de0000)

Polling page: 0x000001bf29380000

Metaspace:

Usage:
  Non-class:     10.01 MB used.
      Class:    921.24 KB used.
       Both:     10.91 MB used.

Virtual space:
  Non-class space:       64.00 MB reserved,      10.06 MB ( 16%) committed,  1 nodes.
      Class space:        1.00 GB reserved,       1.00 MB ( <1%) committed,  1 nodes.
             Both:        1.06 GB reserved,      11.06 MB (  1%) committed. 

Chunk freelists:
   Non-Class:  5.00 MB
       Class:  15.03 MB
        Both:  20.03 MB

MaxMetaspaceSize: unlimited
CompressedClassSpaceSize: 1.00 GB
Initial GC threshold: 21.00 MB
Current GC threshold: 21.00 MB
CDS: off
 - commit_granule_bytes: 65536.
 - commit_granule_words: 8192.
 - virtual_space_node_default_size: 8388608.
 - enlarge_chunks_in_place: 1.
 - use_allocation_guard: 0.


Internal statistics:

num_allocs_failed_limit: 0.
num_arena_births: 18.
num_arena_deaths: 0.
num_vsnodes_births: 2.
num_vsnodes_deaths: 0.
num_space_committed: 177.
num_space_uncommitted: 0.
num_chunks_returned_to_freelist: 0.
num_chunks_taken_from_freelist: 77.
num_chunk_merges: 0.
num_chunk_splits: 42.
num_chunks_enlarged: 32.
num_inconsistent_stats: 0.

CodeHeap 'non-profiled nmethods': size=120000Kb used=318Kb max_used=318Kb free=119681Kb
 bounds [0x000001bf36420000, 0x000001bf36690000, 0x000001bf3d950000]
CodeHeap 'profiled nmethods': size=120000Kb used=1325Kb max_used=1325Kb free=118674Kb
 bounds [0x000001bf2e950000, 0x000001bf2ebc0000, 0x000001bf35e80000]
CodeHeap 'non-nmethods': size=5760Kb used=1467Kb max_used=1492Kb free=4293Kb
 bounds [0x000001bf35e80000, 0x000001bf360f0000, 0x000001bf36420000]
 total_blobs=1256 nmethods=805 adapters=356
 compilation: enabled
              stopped_count=0, restarted_count=0
 full_count=0

Compilation events (20 events):
Event: 0.987 Thread 0x000001bf43a76810 nmethod 772 0x000001bf2ea87e10 code [0x000001bf2ea87fc0, 0x000001bf2ea88218]
Event: 0.987 Thread 0x000001bf43a76810  774       3       java.util.regex.Pattern::has (15 bytes)
Event: 0.987 Thread 0x000001bf43a76810 nmethod 774 0x000001bf2ea88310 code [0x000001bf2ea884a0, 0x000001bf2ea88608]
Event: 0.987 Thread 0x000001bf43a76810  773       3       java.lang.Character::isSurrogate (18 bytes)
Event: 0.987 Thread 0x000001bf43a76810 nmethod 773 0x000001bf2ea88690 code [0x000001bf2ea88820, 0x000001bf2ea88998]
Event: 0.987 Thread 0x000001bf43a76810  775       3       java.lang.Character::charCount (12 bytes)
Event: 0.987 Thread 0x000001bf43a76810 nmethod 775 0x000001bf2ea88a10 code [0x000001bf2ea88bc0, 0x000001bf2ea88d20]
Event: 0.987 Thread 0x000001bf43a76810  776       3       java.util.regex.Pattern::peek (26 bytes)
Event: 0.988 Thread 0x000001bf43a76810 nmethod 776 0x000001bf2ea88d90 code [0x000001bf2ea88f40, 0x000001bf2ea89198]
Event: 0.988 Thread 0x000001bf43a76810  777       3       java.lang.String::codePointAt (50 bytes)
Event: 0.988 Thread 0x000001bf43a76810 nmethod 777 0x000001bf2ea89290 code [0x000001bf2ea89480, 0x000001bf2ea898d8]
Event: 0.988 Thread 0x000001bf43a76810  779       3       java.util.regex.Pattern::next (33 bytes)
Event: 0.988 Thread 0x000001bf43a76810 nmethod 779 0x000001bf2ea89b10 code [0x000001bf2ea89cc0, 0x000001bf2ea89f18]
Event: 0.988 Thread 0x000001bf43a76810  778       3       java.util.regex.Pattern$Node::<init> (12 bytes)
Event: 0.988 Thread 0x000001bf43a76810 nmethod 778 0x000001bf2ea8a010 code [0x000001bf2ea8a1c0, 0x000001bf2ea8a390]
Event: 0.988 Thread 0x000001bf43a76810  781       3       java.util.regex.Pattern::append (43 bytes)
Event: 0.988 Thread 0x000001bf43a76810 nmethod 781 0x000001bf2ea8a490 code [0x000001bf2ea8a680, 0x000001bf2ea8aa58]
Event: 0.988 Thread 0x000001bf43a76810  780   !   3       java.util.regex.Pattern::closure (276 bytes)
Event: 0.990 Thread 0x000001bf43a76810 nmethod 780 0x000001bf2ea8ac10 code [0x000001bf2ea8b040, 0x000001bf2ea8c9c0]
Event: 0.990 Thread 0x000001bf43a76810  783       3       java.util.regex.Pattern::atom (422 bytes)

GC Heap History (0 events):
No events

Dll operation events (7 events):
Event: 0.012 Loaded shared library \AppData\Local\Packages\Microsoft.4297127D64EC6_8wekyb3d8bbwe\LocalCache\Local\runtime\java-runtime-delta\windows-x64\java-runtime-delta\bin\java.dll
Event: 0.023 Loaded shared library \AppData\Local\Packages\Microsoft.4297127D64EC6_8wekyb3d8bbwe\LocalCache\Local\runtime\java-runtime-delta\windows-x64\java-runtime-delta\bin\zip.dll
Event: 0.140 Loaded shared library \AppData\Local\Packages\Microsoft.4297127D64EC6_8wekyb3d8bbwe\LocalCache\Local\runtime\java-runtime-delta\windows-x64\java-runtime-delta\bin\jsvml.dll
Event: 0.347 Loaded shared library \AppData\Local\Packages\Microsoft.4297127D64EC6_8wekyb3d8bbwe\LocalCache\Local\runtime\java-runtime-delta\windows-x64\java-runtime-delta\bin\net.dll
Event: 0.351 Loaded shared library \AppData\Local\Packages\Microsoft.4297127D64EC6_8wekyb3d8bbwe\LocalCache\Local\runtime\java-runtime-delta\windows-x64\java-runtime-delta\bin\nio.dll
Event: 0.368 Loaded shared library \AppData\Local\Packages\Microsoft.4297127D64EC6_8wekyb3d8bbwe\LocalCache\Local\runtime\java-runtime-delta\windows-x64\java-runtime-delta\bin\zip.dll
Event: 0.609 Loaded shared library \AppData\Local\Packages\Microsoft.4297127D64EC6_8wekyb3d8bbwe\LocalCache\Local\runtime\java-runtime-delta\windows-x64\java-runtime-delta\bin\jimage.dll

Deoptimization events (20 events):
Event: 0.698 Thread 0x000001bf296b5b90 DEOPT PACKING pc=0x000001bf2e9fa911 sp=0x000000a9241fd7f0
Event: 0.698 Thread 0x000001bf296b5b90 DEOPT UNPACKING pc=0x000001bf35ed88e2 sp=0x000000a9241fcc68 mode 0
Event: 0.700 Thread 0x000001bf296b5b90 DEOPT PACKING pc=0x000001bf2e9fa911 sp=0x000000a9241fa180
Event: 0.700 Thread 0x000001bf296b5b90 DEOPT UNPACKING pc=0x000001bf35ed88e2 sp=0x000000a9241f95f8 mode 0
Event: 0.702 Thread 0x000001bf296b5b90 DEOPT PACKING pc=0x000001bf2e9fa911 sp=0x000000a9241fa240
Event: 0.702 Thread 0x000001bf296b5b90 DEOPT UNPACKING pc=0x000001bf35ed88e2 sp=0x000000a9241f96b8 mode 0
Event: 0.720 Thread 0x000001bf296b5b90 DEOPT PACKING pc=0x000001bf2e96bccc sp=0x000000a9241fdc40
Event: 0.720 Thread 0x000001bf296b5b90 DEOPT UNPACKING pc=0x000001bf35ed88e2 sp=0x000000a9241fd060 mode 0
Event: 0.727 Thread 0x000001bf296b5b90 DEOPT PACKING pc=0x000001bf2e9597cc sp=0x000000a9241fdc10
Event: 0.727 Thread 0x000001bf296b5b90 DEOPT UNPACKING pc=0x000001bf35ed88e2 sp=0x000000a9241fd078 mode 0
Event: 0.751 Thread 0x000001bf296b5b90 DEOPT PACKING pc=0x000001bf2e979d87 sp=0x000000a9241fe3b0
Event: 0.751 Thread 0x000001bf296b5b90 DEOPT UNPACKING pc=0x000001bf35ed88e2 sp=0x000000a9241fd848 mode 0
Event: 0.821 Thread 0x000001bf296b5b90 DEOPT PACKING pc=0x000001bf2ea266fb sp=0x000000a9241fe600
Event: 0.822 Thread 0x000001bf296b5b90 DEOPT UNPACKING pc=0x000001bf35ed88e2 sp=0x000000a9241fda98 mode 0
Event: 0.891 Thread 0x000001bf296b5b90 DEOPT PACKING pc=0x000001bf2ea132c3 sp=0x000000a9241ff0e0
Event: 0.891 Thread 0x000001bf296b5b90 DEOPT UNPACKING pc=0x000001bf35ed88e2 sp=0x000000a9241fe558 mode 0
Event: 0.903 Thread 0x000001bf296b5b90 Uncommon trap: trap_request=0xffffff45 fr.pc=0x000001bf364569ec relative=0x000000000000004c
Event: 0.903 Thread 0x000001bf296b5b90 Uncommon trap: reason=unstable_if action=reinterpret pc=0x000001bf364569ec method=sun.nio.fs.WindowsPathParser.isSlash(C)Z @ 9 c2
Event: 0.903 Thread 0x000001bf296b5b90 DEOPT PACKING pc=0x000001bf364569ec sp=0x000000a9241fe590
Event: 0.903 Thread 0x000001bf296b5b90 DEOPT UNPACKING pc=0x000001bf35ed7da2 sp=0x000000a9241fe518 mode 2

Classes loaded (20 events):
Event: 0.941 Loading class sun/net/www/URLConnection done
Event: 0.941 Loading class sun/net/www/protocol/file/FileURLConnection done
Event: 0.941 Loading class sun/net/www/MessageHeader
Event: 0.942 Loading class sun/net/www/MessageHeader done
Event: 0.958 Loading class java/util/IllegalFormatException
Event: 0.958 Loading class java/util/IllegalFormatException done
Event: 0.960 Loading class java/io/StringWriter
Event: 0.960 Loading class java/io/StringWriter done
Event: 0.963 Loading class java/lang/ApplicationShutdownHooks
Event: 0.963 Loading class java/lang/ApplicationShutdownHooks done
Event: 0.963 Loading class java/lang/ApplicationShutdownHooks$1
Event: 0.963 Loading class java/lang/ApplicationShutdownHooks$1 done
Event: 0.963 Loading class java/lang/Shutdown
Event: 0.963 Loading class java/lang/Shutdown done
Event: 0.963 Loading class java/lang/Shutdown$Lock
Event: 0.964 Loading class java/lang/Shutdown$Lock done
Event: 0.971 Loading class java/lang/UnsupportedOperationException
Event: 0.971 Loading class java/lang/UnsupportedOperationException done
Event: 0.990 Loading class java/util/OptionalInt
Event: 0.991 Loading class java/util/OptionalInt done

Classes unloaded (0 events):
No events

Classes redefined (0 events):
No events

Internal exceptions (1 events):
Event: 0.533 Thread 0x000001bf296b5b90 Exception <a 'java/lang/NoSuchMethodError'{0x000000008e605f60}: 'void java.lang.invoke.DirectMethodHandle$Holder.invokeVirtual(java.lang.Object, java.lang.Object)'> (0x000000008e605f60) 
thrown [s\src\hotspot\share\interpreter\linkResolver.cpp, line 773]

ZGC Phase Switch (0 events):
No events

VM Operations (6 events):
Event: 0.396 Executing VM operation: HandshakeAllThreads (Deoptimize)
Event: 0.396 Executing VM operation: HandshakeAllThreads (Deoptimize) done
Event: 0.516 Executing VM operation: HandshakeAllThreads (Deoptimize)
Event: 0.516 Executing VM operation: HandshakeAllThreads (Deoptimize) done
Event: 0.918 Executing VM operation: HandshakeAllThreads (Deoptimize)
Event: 0.918 Executing VM operation: HandshakeAllThreads (Deoptimize) done

Memory protections (0 events):
No events

Nmethod flushes (0 events):
No events

Events (13 events):
Event: 0.021 Thread 0x000001bf296b5b90 Thread added: 0x000001bf296b5b90
Event: 0.135 Thread 0x000001bf296b5b90 Thread added: 0x000001bf43a49ce0
Event: 0.135 Thread 0x000001bf296b5b90 Thread added: 0x000001bf43a4a730
Event: 0.137 Thread 0x000001bf296b5b90 Thread added: 0x000001bf43ac12e0
Event: 0.137 Thread 0x000001bf296b5b90 Thread added: 0x000001bf43a4d2c0
Event: 0.137 Thread 0x000001bf296b5b90 Thread added: 0x000001bf43ac2140
Event: 0.137 Thread 0x000001bf296b5b90 Thread added: 0x000001bf43a70300
Event: 0.137 Thread 0x000001bf296b5b90 Thread added: 0x000001bf43a72d60
Event: 0.137 Thread 0x000001bf296b5b90 Thread added: 0x000001bf43a76810
Event: 0.328 Thread 0x000001bf296b5b90 Thread added: 0x000001bf43c3ee90
Event: 0.335 Thread 0x000001bf296b5b90 Thread added: 0x000001bf43c48ab0
Event: 0.626 Thread 0x000001bf43a76810 Thread added: 0x000001bf4808ef30
Event: 0.651 Thread 0x000001bf43a76810 Thread added: 0x000001bf487e2310


Dynamic libraries:
0x00007ff7dd630000 - 0x00007ff7dd63e000 	\AppData\Local\Packages\Microsoft.4297127D64EC6_8wekyb3d8bbwe\LocalCache\Local\runtime\java-runtime-delta\windows-x64\java-runtime-delta\bin\javaw.exe
0x00007fff47c80000 - 0x00007fff47ee7000 	C:\WINDOWS\SYSTEM32\ntdll.dll
0x00007fff47300000 - 0x00007fff473c9000 	C:\WINDOWS\System32\KERNEL32.DLL
0x00007fff45600000 - 0x00007fff459f7000 	C:\WINDOWS\System32\KERNELBASE.dll
0x00007fff446b0000 - 0x00007fff447fb000 	C:\WINDOWS\System32\ucrtbase.dll
0x00007fff12af0000 - 0x00007fff12b08000 	\AppData\Local\Packages\Microsoft.4297127D64EC6_8wekyb3d8bbwe\LocalCache\Local\runtime\java-runtime-delta\windows-x64\java-runtime-delta\bin\jli.dll
0x00007fff46920000 - 0x00007fff46ae6000 	C:\WINDOWS\System32\USER32.dll
0x00007fff12ad0000 - 0x00007fff12aed000 	\AppData\Local\Packages\Microsoft.4297127D64EC6_8wekyb3d8bbwe\LocalCache\Local\runtime\java-runtime-delta\windows-x64\java-runtime-delta\bin\VCRUNTIME140.dll
0x00007fff44aa0000 - 0x00007fff44ac7000 	C:\WINDOWS\System32\win32u.dll
0x00007fff476c0000 - 0x00007fff476eb000 	C:\WINDOWS\System32\GDI32.dll
0x00007fff44970000 - 0x00007fff44a9c000 	C:\WINDOWS\System32\gdi32full.dll
0x00007fff2e3d0000 - 0x00007fff2e662000 	C:\WINDOWS\WinSxS\amd64_microsoft.windows.common-controls_6595b64144ccf1df_6.0.26100.8328_none_3e08182ce334b678\COMCTL32.dll
0x00007fff448c0000 - 0x00007fff44963000 	C:\WINDOWS\System32\msvcp_win.dll
0x00007fff45b40000 - 0x00007fff45be9000 	C:\WINDOWS\System32\msvcrt.dll
0x00007fff45a20000 - 0x00007fff45a52000 	C:\WINDOWS\System32\IMM32.DLL
0x00007fff218c0000 - 0x00007fff218cc000 	\AppData\Local\Packages\Microsoft.4297127D64EC6_8wekyb3d8bbwe\LocalCache\Local\runtime\java-runtime-delta\windows-x64\java-runtime-delta\bin\vcruntime140_1.dll
0x00007ffec2110000 - 0x00007ffec219d000 	\AppData\Local\Packages\Microsoft.4297127D64EC6_8wekyb3d8bbwe\LocalCache\Local\runtime\java-runtime-delta\windows-x64\java-runtime-delta\bin\msvcp140.dll
0x00007ffe63370000 - 0x00007ffe64108000 	\AppData\Local\Packages\Microsoft.4297127D64EC6_8wekyb3d8bbwe\LocalCache\Local\runtime\java-runtime-delta\windows-x64\java-runtime-delta\bin\server\jvm.dll
0x00007fff45bf0000 - 0x00007fff45ca6000 	C:\WINDOWS\System32\ADVAPI32.dll
0x00007fff464e0000 - 0x00007fff46587000 	C:\WINDOWS\System32\sechost.dll
0x00007fff476f0000 - 0x00007fff47808000 	C:\WINDOWS\System32\RPCRT4.dll
0x00007fff47630000 - 0x00007fff476b0000 	C:\WINDOWS\System32\WS2_32.dll
0x00007fff44360000 - 0x00007fff443be000 	C:\WINDOWS\SYSTEM32\POWRPROF.dll
0x00007fff3e430000 - 0x00007fff3e43b000 	C:\WINDOWS\SYSTEM32\VERSION.dll
0x00007fff3af60000 - 0x00007fff3af96000 	C:\WINDOWS\SYSTEM32\WINMM.dll
0x00007fff44280000 - 0x00007fff44294000 	C:\WINDOWS\SYSTEM32\UMPDC.dll
0x00007fff43440000 - 0x00007fff4345b000 	C:\WINDOWS\SYSTEM32\kernel.appcore.dll
0x00007fff13000000 - 0x00007fff1300a000 	\AppData\Local\Packages\Microsoft.4297127D64EC6_8wekyb3d8bbwe\LocalCache\Local\runtime\java-runtime-delta\windows-x64\java-runtime-delta\bin\jimage.dll
0x00007fff339d0000 - 0x00007fff33c12000 	C:\WINDOWS\SYSTEM32\DBGHELP.DLL
0x00007fff46590000 - 0x00007fff46913000 	C:\WINDOWS\System32\combase.dll
0x00007fff47550000 - 0x00007fff47629000 	C:\WINDOWS\System32\OLEAUT32.dll
0x00007fff24ee0000 - 0x00007fff24f1b000 	C:\WINDOWS\SYSTEM32\dbgcore.DLL
0x00007fff454c0000 - 0x00007fff45568000 	C:\WINDOWS\System32\bcryptPrimitives.dll
0x00007fff12210000 - 0x00007fff12230000 	\AppData\Local\Packages\Microsoft.4297127D64EC6_8wekyb3d8bbwe\LocalCache\Local\runtime\java-runtime-delta\windows-x64\java-runtime-delta\bin\java.dll
0x00007ffee81d0000 - 0x00007ffee81e8000 	\AppData\Local\Packages\Microsoft.4297127D64EC6_8wekyb3d8bbwe\LocalCache\Local\runtime\java-runtime-delta\windows-x64\java-runtime-delta\bin\zip.dll
0x00007fff46b80000 - 0x00007fff472ee000 	C:\WINDOWS\System32\SHELL32.dll
0x00007fff44c50000 - 0x00007fff454bc000 	C:\WINDOWS\System32\windows.storage.dll
0x00007fff47810000 - 0x00007fff47906000 	C:\WINDOWS\System32\SHCORE.dll
0x00007fff45a60000 - 0x00007fff45ac6000 	C:\WINDOWS\System32\shlwapi.dll
0x00007fff445d0000 - 0x00007fff445f9000 	C:\WINDOWS\SYSTEM32\profapi.dll
0x00007ffea4710000 - 0x00007ffea47e6000 	\AppData\Local\Packages\Microsoft.4297127D64EC6_8wekyb3d8bbwe\LocalCache\Local\runtime\java-runtime-delta\windows-x64\java-runtime-delta\bin\jsvml.dll
0x00007fff12c90000 - 0x00007fff12ca0000 	\AppData\Local\Packages\Microsoft.4297127D64EC6_8wekyb3d8bbwe\LocalCache\Local\runtime\java-runtime-delta\windows-x64\java-runtime-delta\bin\net.dll
0x00007fff3e8e0000 - 0x00007fff3ea09000 	C:\WINDOWS\SYSTEM32\WINHTTP.dll
0x00007fff439b0000 - 0x00007fff43a1c000 	C:\WINDOWS\system32\mswsock.dll
0x00007ffee3e60000 - 0x00007ffee3e76000 	\AppData\Local\Packages\Microsoft.4297127D64EC6_8wekyb3d8bbwe\LocalCache\Local\runtime\java-runtime-delta\windows-x64\java-runtime-delta\bin\nio.dll

dbghelp: loaded successfully - version: 4.0.5 - missing functions: none
symbol engine: initialized successfully - sym options: 0x614 - pdb path: .;\AppData\Local\Packages\Microsoft.4297127D64EC6_8wekyb3d8bbwe\LocalCache\Local\runtime\java-runtime-delta\windows-x64\java-runtime-delta\bin;C:\WINDOWS\SYSTEM32;C:\WINDOWS\WinSxS\amd64_microsoft.windows.common-controls_6595b64144ccf1df_6.0.26100.8328_none_3e08182ce334b678;\AppData\Local\Packages\Microsoft.4297127D64EC6_8wekyb3d8bbwe\LocalCache\Local\runtime\java-runtime-delta\windows-x64\java-runtime-delta\bin\server

VM Arguments:
jvm_args: -XX:HeapDumpPath=MojangTricksIntelDriversForPerformance_javaw.exe_minecraft.exe.heapdump -Xss1M -Djava.library.path=\AppData\Roaming\.minecraft\bin\14d816dd95b06eb687929ce27a2680c53259ca0b -Djna.tmpdir=\AppData\Roaming\.minecraft\bin\14d816dd95b06eb687929ce27a2680c53259ca0b -Dorg.lwjgl.system.SharedLibraryExtractPath=\AppData\Roaming\.minecraft\bin\14d816dd95b06eb687929ce27a2680c53259ca0b -Dio.netty.native.workdir=\AppData\Roaming\.minecraft\bin\14d816dd95b06eb687929ce27a2680c53259ca0b -Dminecraft.launcher.brand=minecraft-launcher -Dminecraft.launcher.version=3.32.9 -DFabricMcEmu= net.minecraft.client.main.Main  -Xmx2G -XX:+UnlockExperimentalVMOptions -XX:+UseG1GC -XX:G1NewSizePercent=20 -XX:G1ReservePercent=20 -XX:MaxGCPauseMillis=50 -XX:G1HeapRegionSize=32M -Dlog4j.configurationFile=\AppData\Roaming\.minecraft\assets\log_configs\client-1.12.xml 
java_command: net.fabricmc.loader.impl.launch.knot.KnotClient --version fabric-loader-0.18.4-1.21.1 --gameDir \Downloads\Squid Games Instace --assetsDir \AppData\Roaming\.minecraft\assets --assetIndex 17 --userType msa --versionType release --quickPlayPath \AppData\Roaming\.minecraft\quickPlay\java\1779649095754.json
java_class_path (initial): \AppData\Roaming\.minecraft\libraries\org\ow2\asm\asm\9.9\asm-9.9.jar;\AppData\Roaming\.minecraft\libraries\org\ow2\asm\asm-analysis\9.9\asm-analysis-9.9.jar;\AppData\Roaming\.minecraft\libraries\org\ow2\asm\asm-commons\9.9\asm-commons-9.9.jar;\AppData\Roaming\.minecraft\libraries\org\ow2\asm\asm-tree\9.9\asm-tree-9.9.jar;\AppData\Roaming\.minecraft\libraries\org\ow2\asm\asm-util\9.9\asm-util-9.9.jar;\AppData\Roaming\.minecraft\libraries\net\fabricmc\sponge-mixin\0.17.0+mixin.0.8.7\sponge-mixin-0.17.0+mixin.0.8.7.jar;\AppData\Roaming\.minecraft\libraries\net\fabricmc\intermediary\1.21.1\intermediary-1.21.1.jar;\AppData\Roaming\.minecraft\libraries\net\fabricmc\fabric-loader\0.18.4\fabric-loader-0.18.4.jar;\AppData\Roaming\.minecraft\libraries\com\github\oshi\oshi-core\6.4.10\oshi-core-6.4.10.jar;\AppData\Roaming\.minecraft\libraries\com\google\code\gson\gson\2.10.1\gson-2.10.1.jar;\AppData\Roaming\.minecraft\libraries\com\google\guava\failureaccess\1.0.1\failureaccess-1.0.1.jar;\AppData\Roaming\.minecraft\libraries\com\google\guava\guava\32.1.2-jre\guava-32.1.2-jre.jar;\AppData\Roaming\.minecraft\libraries\com\ibm\icu\icu4j\73.2\icu4j-73.2.jar;\AppData\Roaming\.minecraft\libraries\com\mojang\authlib\6.0.54\authlib-6.0.54.jar;\AppData\Roaming\.minecraft\libraries\com\mojang\blocklist\1.0.10\blocklist-1.0.10.jar;\AppData\Roaming\.minecraft\libraries\com\mojang\brigadier\1.3.10\brigadier-1.3.10.jar;\AppData\Roaming\.minecraft\libraries\com\mojang\datafixerupper\8.0.16\datafixerupper-8.0.16.jar;\AppData\Roaming\.minecraft\libraries\com\mojang\logging\1.2.7\logging-1.2.7.jar;\AppData\Roaming\.minecraft\libraries\com\mojang\patchy\2.2.10\patchy-2.2.10.jar;\AppData\Roaming\.minecraft\libraries\com\mojang\text2speech\1.17.9\text2speech-1.17.9.jar;\AppData\Roaming\.minecraft\libraries\commons-codec\commons-codec\1.16.0\commons-codec-1.16.0.jar;\AppData\Roaming\.minecraft\libraries\commons-io\commons-io\2.15.1\commons-io-2.15.1.jar;\AppData\Roaming\.minecraft\libraries\commons-logging\commons-logging\1.2\commons-logging-1.2.jar;\AppData\Roaming\.minecraft\libraries\io\netty\netty-buffer\4.1.97.Final\netty-buffer-4.1.97.Final.jar;\AppData\Roaming\.minecraft\libraries\io\netty\netty-codec\4.1.97.Final\netty-codec-4.1.97.Final.jar;\AppData\Roaming\.minecraft\libraries\io\netty\netty-common\4.1.97.Final\netty-common-4.1.97.Final.jar;\AppData\Roaming\.minecraft\libraries\io\netty\netty-handler\4.1.97.Final\netty-handler-4.1.97.Final.jar;\AppData\Roaming\.minecraft\libraries\io\netty\netty-resolver\4.1.97.Final\netty-resolver-4.1.97.Final.jar;\AppData\Roaming\.minecraft\libraries\io\netty\netty-transport-classes-epoll\4.1.97.Final\netty-transport-classes-epoll-4.1.97.Final.jar;\AppData\Roaming\.minecraft\libraries\io\netty\netty-transport-native-unix-common\4.1.97.Final\netty-transport-native-unix-common-4.1.97.Final.jar;\AppData\Roaming\.minecraft\libraries\io\netty\netty-transport\4.1.97.Final\netty-transport-4.1.97.Final.jar;\AppData\Roaming\.minecraft\libraries\it\unimi\dsi\fastutil\8.5.12\fastutil-8.5.12.jar;\AppData\Roaming\.minecraft\libraries\net\java\dev\jna\jna-platform\5.14.0\jna-platform-5.14.0.jar;\AppData\Roaming\.minecraft\libraries\net\java\dev\jna\jna\5.14.0\jna-5.14.0.jar;\AppData\Roaming\.minecraft\libraries\net\sf\jopt-simple\jopt-simple\5.0.4\jopt-simple-5.0.4.jar;\AppData\Roaming\.minecraft\libraries\org\apache\commons\commons-compress\1.26.0\commons-compress-1.26.0.jar;\AppData\Roaming\.minecraft\libraries\org\apache\commons\commons-lang3\3.14.0\commons-lang3-3.14.0.jar;\AppData\Roaming\.minecraft\libraries\org\apache\httpcomponents\httpclient\4.5.13\httpclient-4.5.13.jar;\AppData\Roaming\.minecraft\libraries\org\apache\httpcomponents\httpcore\4.4.16\httpcore-4.4.16.jar;\AppData\Roaming\.minecraft\libraries\org\apache\logging\log4j\log4j-api\2.22.1\log4j-api-2.22.1.jar;\AppData\Roaming\.minecraft\libraries\org\apache\logging\log4j\log4j-core\2.22.1\log4j-core-2.22.1.jar;\AppData\Roaming\.minecraft\libraries\org\apache\logging\log4j\log4j-slf4j2-impl\2.22.1\log4j-slf4j2-impl-2.22.1.jar;\AppData\Roaming\.minecraft\libraries\org\jcraft\jorbis\0.0.17\jorbis-0.0.17.jar;\AppData\Roaming\.minecraft\libraries\org\joml\joml\1.10.5\joml-1.10.5.jar;\AppData\Roaming\.minecraft\libraries\org\lwjgl\lwjgl-freetype\3.3.3\lwjgl-freetype-3.3.3.jar;\AppData\Roaming\.minecraft\libraries\org\lwjgl\lwjgl-freetype\3.3.3\lwjgl-freetype-3.3.3-natives-windows.jar;\AppData\Roaming\.minecraft\libraries\org\lwjgl\lwjgl-freetype\3.3.3\lwjgl-freetype-3.3.3-natives-windows-arm64.jar;\AppData\Roaming\.minecraft\libraries\org\lwjgl\lwjgl-freetype\3.3.3\lwjgl-freetype-3.3.3-natives-windows-x86.jar;\AppData\Roaming\.minecraft\libraries\org\lwjgl\lwjgl-glfw\3.3.3\lwjgl-glfw-3.3.3.jar;\AppData\Roaming\.minecraft\libraries\org\lwjgl\lwjgl-glfw\3.3.3\lwjgl-glfw-3.3.3-natives-windows.jar;\AppData\Roaming\.minecraft\libraries\org\lwjgl\lwjgl-glfw\3.3.3\lwjgl-glfw-3.3.3-natives-windows-arm64.jar;\AppData\Roaming\.minecraft\libraries\org\lwjgl\lwjgl-glfw\3.3.3\lwjgl-glfw-3.3.3-natives-windows-x86.jar;\AppData\Roaming\.minecraft\libraries\org\lwjgl\lwjgl-jemalloc\3.3.3\lwjgl-jemalloc-3.3.3.jar;\AppData\Roaming\.minecraft\libraries\org\lwjgl\lwjgl-jemalloc\3.3.3\lwjgl-jemalloc-3.3.3-natives-windows.jar;\AppData\Roaming\.minecraft\libraries\org\lwjgl\lwjgl-jemalloc\3.3.3\lwjgl-jemalloc-3.3.3-natives-windows-arm64.jar;\AppData\Roaming\.minecraft\libraries\org\lwjgl\lwjgl-jemalloc\3.3.3\lwjgl-jemalloc-3.3.3-natives-windows-x86.jar;\AppData\Roaming\.minecraft\libraries\org\lwjgl\lwjgl-openal\3.3.3\lwjgl-openal-3.3.3.jar;\AppData\Roaming\.minecraft\libraries\org\lwjgl\lwjgl-openal\3.3.3\lwjgl-openal-3.3.3-natives-windows.jar;\AppData\Roaming\.minecraft\libraries\org\lwjgl\lwjgl-openal\3.3.3\lwjgl-openal-3.3.3-natives-windows-arm64.jar;\AppData\Roaming\.minecraft\libraries\org\lwjgl\lwjgl-openal\3.3.3\lwjgl-openal-3.3.3-natives-windows-x86.jar;\AppData\Roaming\.minecraft\libraries\org\lwjgl\lwjgl-opengl\3.3.3\lwjgl-opengl-3.3.3.jar;\AppData\Roaming\.minecraft\libraries\org\lwjgl\lwjgl-opengl\3.3.3\lwjgl-opengl-3.3.3-natives-windows.jar;\AppData\Roaming\.minecraft\libraries\org\lwjgl\lwjgl-opengl\3.3.3\lwjgl-opengl-3.3.3-natives-windows-arm64.jar;\AppData\Roaming\.minecraft\libraries\org\lwjgl\lwjgl-opengl\3.3.3\lwjgl-opengl-3.3.3-natives-windows-x86.jar;\AppData\Roaming\.minecraft\libraries\org\lwjgl\lwjgl-stb\3.3.3\lwjgl-stb-3.3.3.jar;\AppData\Roaming\.minecraft\libraries\org\lwjgl\lwjgl-stb\3.3.3\lwjgl-stb-3.3.3-natives-windows.jar;\AppData\Roaming\.minecraft\libraries\org\lwjgl\lwjgl-stb\3.3.3\lwjgl-stb-3.3.3-natives-windows-arm64.jar;\AppData\Roaming\.minecraft\libraries\org\lwjgl\lwjgl-stb\3.3.3\lwjgl-stb-3.3.3-natives-windows-x86.jar;\AppData\Roaming\.minecraft\libraries\org\lwjgl\lwjgl-tinyfd\3.3.3\lwjgl-tinyfd-3.3.3.jar;\AppData\Roaming\.minecraft\libraries\org\lwjgl\lwjgl-tinyfd\3.3.3\lwjgl-tinyfd-3.3.3-natives-windows.jar;\AppData\Roaming\.minecraft\libraries\org\lwjgl\lwjgl-tinyfd\3.3.3\lwjgl-tinyfd-3.3.3-natives-windows-arm64.jar;\AppData\Roaming\.minecraft\libraries\org\lwjgl\lwjgl-tinyfd\3.3.3\lwjgl-tinyfd-3.3.3-natives-windows-x86.jar;\AppData\Roaming\.minecraft\libraries\org\lwjgl\lwjgl\3.3.3\lwjgl-3.3.3.jar;\AppData\Roaming\.minecraft\libraries\org\lwjgl\lwjgl\3.3.3\lwjgl-3.3.3-natives-windows.jar;\AppData\Roaming\.minecraft\libraries\org\lwjgl\lwjgl\3.3.3\lwjgl-3.3.3-natives-windows-arm64.jar;\AppData\Roaming\.minecraft\libraries\org\lwjgl\lwjgl\3.3.3\lwjgl-3.3.3-natives-windows-x86.jar;\AppData\Roaming\.minecraft\libraries\org\lz4\lz4-java\1.8.0\lz4-java-1.8.0.jar;\AppData\Roaming\.minecraft\libraries\org\slf4j\slf4j-api\2.0.9\slf4j-api-2.0.9.jar;\AppData\Roaming\.minecraft\versions\fabric-loader-0.18.4-1.21.1\fabric-loader-0.18.4-1.21.1.jar
Launcher Type: SUN_STANDARD

[Global flags]
     intx CICompilerCount                          = 4                                         {product} {ergonomic}
     uint ConcGCThreads                            = 3                                         {product} {ergonomic}
     uint G1ConcRefinementThreads                  = 10                                        {product} {ergonomic}
     uint G1EagerReclaimRemSetThreshold            = 256                                  {experimental} {ergonomic}
   size_t G1HeapRegionSize                         = 33554432                                  {product} {command line}
    uintx G1NewSizePercent                         = 20                                   {experimental} {command line}
     uint G1RemSetArrayOfCardsEntries              = 256                                  {experimental} {ergonomic}
     uint G1RemSetHowlMaxNumBuckets                = 8                                    {experimental} {ergonomic}
     uint G1RemSetHowlNumBuckets                   = 8                                    {experimental} {ergonomic}
    uintx G1ReservePercent                         = 20                                        {product} {command line}
    uintx GCDrainStackTargetSize                   = 64                                        {product} {ergonomic}
    ccstr HeapDumpPath                             = MojangTricksIntelDriversForPerformance_javaw.exe_minecraft.exe.heapdump         {manageable} {command line}
   size_t InitialHeapSize                          = 268435456                                 {product} {ergonomic}
   size_t MarkStackSize                            = 4194304                                   {product} {ergonomic}
    uintx MaxGCPauseMillis                         = 50                                        {product} {command line}
   size_t MaxHeapSize                              = 2147483648                                {product} {command line}
   size_t MaxNewSize                               = 1275068416                                {product} {ergonomic}
   size_t MinHeapDeltaBytes                        = 33554432                                  {product} {ergonomic}
   size_t MinHeapSize                              = 33554432                                  {product} {ergonomic}
    uintx NonNMethodCodeHeapSize                   = 5839372                                {pd product} {ergonomic}
    uintx NonProfiledCodeHeapSize                  = 122909434                              {pd product} {ergonomic}
    uintx ProfiledCodeHeapSize                     = 122909434                              {pd product} {ergonomic}
    uintx ReservedCodeCacheSize                    = 251658240                              {pd product} {ergonomic}
     bool SegmentedCodeCache                       = true                                      {product} {ergonomic}
   size_t SoftMaxHeapSize                          = 2147483648                             {manageable} {ergonomic}
     intx ThreadStackSize                          = 1024                                   {pd product} {command line}
     bool UnlockExperimentalVMOptions              = true                                 {experimental} {command line}
     bool UseCompressedOops                        = true                           {product lp64_product} {ergonomic}
     bool UseFastUnorderedTimeStamps               = true                                 {experimental} {ergonomic}
     bool UseG1GC                                  = true                                      {product} {command line}
     bool UseLargePagesIndividualAllocation        = false                                  {pd product} {ergonomic}

Logging:
Log output configuration:
 #0: stdout all=warning uptime,level,tags foldmultilines=false
 #1: stderr all=off uptime,level,tags foldmultilines=false

Environment Variables:
PATH=C:\Program Files\Eclipse Adoptium\jdk-21.0.9.10-hotspot\bin;C:\Program Files\Common Files\Oracle\Java\javapath;C:\Program Files (x86)\Common Files\Intel\Shared Libraries\redist\intel64_win\compiler;C:\Program Files (x86)\NVIDIA Corporation\PhysX\Common;C:\WINDOWS\system32;C:\WINDOWS;C:\WINDOWS\System32\Wbem;C:\WINDOWS\System32\WindowsPowerShell\v1.0\;C:\WINDOWS\System32\OpenSSH\;C:\Program Files (x86)\dotnet\;C:\Program Files (x86)\Touch Portal\plugins\adb\platform-tools;C:\Program Files\dotnet\;C:\Program Files\WorldPainter;C:\Program Files\Git\cmd;C:\Program Files\Go\bin;C:\Program Files\GitHub CLI\;C:\Program Files\nodejs\;C:\Python34\Scripts;\AppData\Local\Programs\Microsoft VS Code\bin;\AppData\Local\Microsoft\WindowsApps;\.dotnet\tools;\go\bin;\AppData\Local\GitHubDesktop\bin;\AppData\Local\Microsoft\WinGet\Links;\AppData\Roaming\npm;\AppData\Local\Microsoft\WinGet\Packages\OpenJS.NodeJS.22_Microsoft.Winget.Source_8wekyb3d8bbwe\node-v22.22.1-win-x64
USERNAME=%USERPROFILE%
OS=Windows_NT
PROCESSOR_IDENTIFIER=Intel64 Family 6 Model 167 Stepping 1, GenuineIntel
TMP=<TMP>
TEMP=<TEMP>




Periodic native trim disabled

---------------  S Y S T E M  ---------------

OS:
 Windows 11 , 64 bit Build 26100 (10.0.26100.8328)
OS uptime: 3 days 6:29 hours

CPU: total 12 (initial active 12) (6 cores per cpu, 2 threads per core) family 6 model 167 stepping 1 microcode 0x40, cx8, cmov, fxsr, ht, mmx, 3dnowpref, sse, sse2, sse3, ssse3, sse4.1, sse4.2, popcnt, lzcnt, tsc, tscinvbit, avx, avx2, aes, erms, clmul, bmi1, bmi2, adx, avx512f, avx512dq, avx512cd, avx512bw, avx512vl, sha, fma, vzeroupper, avx512_vpopcntdq, avx512_vpclmulqdq, avx512_vaes, avx512_vnni, clflush, clflushopt, avx512_vbmi2, avx512_vbmi, rdtscp, rdpid, fsrm, gfni, avx512_bitalg, f16c, pku, avx512_ifma
Processor Information for the first 12 processors :
  Max Mhz: 2592, Current Mhz: 2592, Mhz Limit: 2592

Memory: 4k page, system-wide physical 16251M (842M free)
TotalPageFile size 42387M (AvailPageFile size 65M)
current process WorkingSet (physical memory assigned to process): 81M, peak: 81M
current process commit charge ("private bytes"): 358M, peak: 358M

vm_info: OpenJDK 64-Bit Server VM (21.0.7+6-LTS) for windows-amd64 JRE (21.0.7+6-LTS), built on 2025-04-09T22:17:25Z by "MicrosoftCorporation" with unknown MS VC++:1939

END.
