[12:13:24] [main/INFO]: Loading Minecraft 1.21.1 with Fabric Loader 0.18.4
[12:13:24] [ForkJoinPool-1-worker-2/WARN]: Mod com_github_rtyley_animated-gif-lib-for-java uses the version animated-gif-lib-1.7 which isn't compatible with Loader's extended semantic version format (Could not parse version number component 'animated'!), SemVer is recommended for reliably evaluating dependencies and prioritizing newer version
[12:13:24] [ForkJoinPool-1-worker-4/WARN]: Mod musica uses the version ${version} which isn't compatible with Loader's extended semantic version format (Could not parse version number component '${version}'!), SemVer is recommended for reliably evaluating dependencies and prioritizing newer version
[12:13:24] [main/INFO]: Loading 90 mods:
	- chatworking 1.2.0
	- cinematica 1.0.0
	- cmdcam 2.1.3-fabric
	- creativecore 2.13.14
	   \-- net_neoforged_bus 7.2.0
	- distanthorizons 2.4.2-b
	   |-- fabric-api-base 0.4.42+6573ed8c19
	   |-- fabric-command-api-v2 2.2.28+6ced4dd919
	   |-- fabric-events-interaction-v0 0.7.13+ba9dae0619
	   |-- fabric-key-binding-api-v1 1.0.47+0af3f5a719
	   |-- fabric-networking-api-v1 4.3.0+c7469b2119
	   |-- fabric-resource-loader-v0 1.3.1+5b5275af19
	   \-- fabric-screen-api-v1 2.0.25+8b68f1c719
	- dollmod 3.0.7
	- drippyloadingscreen 3.0.12
	- fabric-api 0.116.7+1.21.1
	   |-- fabric-api-lookup-api-v1 1.6.71+b559734419
	   |-- fabric-biome-api-v1 13.0.31+d527f9fd19
	   |-- fabric-block-api-v1 1.1.0+0bc3503219
	   |-- fabric-block-view-api-v2 1.0.11+ebb2264e19
	   |-- fabric-blockrenderlayer-v1 1.1.52+0af3f5a719
	   |-- fabric-client-tags-api-v1 1.1.15+6573ed8c19
	   |-- fabric-command-api-v1 1.2.49+f71b366f19
	   |-- fabric-commands-v0 0.2.66+df3654b319
	   |-- fabric-content-registries-v0 8.0.19+b559734419
	   |-- fabric-convention-tags-v1 2.1.5+7f945d5b19
	   |-- fabric-convention-tags-v2 2.11.1+a406e79519
	   |-- fabric-crash-report-info-v1 0.2.29+0af3f5a719
	   |-- fabric-data-attachment-api-v1 1.4.5+6116a37819
	   |-- fabric-data-generation-api-v1 20.2.34+37516cd619
	   |-- fabric-dimensions-v1 4.0.1+65213ef819
	   |-- fabric-entity-events-v1 1.8.0+2b27e0a419
	   |-- fabric-game-rule-api-v1 1.0.53+6ced4dd919
	   |-- fabric-item-api-v1 11.2.0+3b3cb2e819
	   |-- fabric-item-group-api-v1 4.1.7+def88e3a19
	   |-- fabric-keybindings-v0 0.2.45+df3654b319
	   |-- fabric-lifecycle-events-v1 2.6.0+0865547519
	   |-- fabric-loot-api-v2 3.0.15+3f89f5a519
	   |-- fabric-loot-api-v3 1.0.3+3f89f5a519
	   |-- fabric-message-api-v1 6.0.14+8aaf3aca19
	   |-- fabric-model-loading-api-v1 2.1.0+b4d813fc19
	   |-- fabric-object-builder-api-v1 15.2.1+40875a9319
	   |-- fabric-particles-v1 4.0.2+6573ed8c19
	   |-- fabric-recipe-api-v1 5.0.15+2475392c19
	   |-- fabric-registry-sync-v0 5.3.1+e3eddc2119
	   |-- fabric-renderer-api-v1 3.4.1+b4d813fc19
	   |-- fabric-renderer-indigo 1.7.1+c705a49c19
	   |-- fabric-renderer-registries-v1 3.2.69+df3654b319
	   |-- fabric-rendering-data-attachment-v1 0.3.49+73761d2e19
	   |-- fabric-rendering-fluids-v1 3.1.6+1daea21519
	   |-- fabric-rendering-v0 1.1.72+df3654b319
	   |-- fabric-rendering-v1 5.1.0+ab4c25a019
	   |-- fabric-resource-conditions-api-v1 4.3.0+8dc279b119
	   |-- fabric-screen-handler-api-v1 1.3.90+b559734419
	   |-- fabric-sound-api-v1 1.0.23+6573ed8c19
	   |-- fabric-transfer-api-v1 5.4.3+c24bd99419
	   \-- fabric-transitive-access-wideners-v1 6.2.0+45b9699719
	- fabricloader 0.18.4
	   \-- mixinextras 0.5.0
	- fancymenu 3.7.0
	   |-- com_github_keksuccino_japng 0.5.3
	   \-- com_github_rtyley_animated-gif-lib-for-java animated-gif-lib-1.7
	- geckolib 4.8.2
	- java 21
	- konkrete 1.9.9
	- melody 1.0.10
	- minecraft 1.21.1
	- musica ${version}
	   \-- com_googlecode_soundlibs_jorbis 0.0.17-1
	- nofog 1.0
	- offlineskins 1.21.1-v1a-fabric
	- plasmovoice 2.1.8
	   \-- fabric-permissions-api-v0 0.3.1
	- pv-addon-broadcast 1.1.0
	- pv-addon-spectator 1.1.0
	- sodium 0.6.13+mc1.21.1
	- vanish 1.6.5+1.21.1
	   |-- fabric-permissions-api-v0 0.3.1
	   |-- placeholder-api 2.4.2+1.21
	   |-- player-data-api 0.6.0+1.21
	   \-- server_translations_api 2.3.1+1.21-pre2
	        \-- packet_tweaker 0.5.1+24w03b
	- veil 3.6.2
	   |-- gg_moonflower_molang-compiler 3.1.1.19
	   |-- io_github_ocelot_glsl-processor 0.2.3
	   |-- io_github_spair_imgui-java-binding 1.88.0
	   |-- io_github_spair_imgui-java-lwjgl3 1.88.0
	   |-- io_github_spair_imgui-java-natives-linux 1.88.0
	   |-- io_github_spair_imgui-java-natives-macos 1.88.0
	   \-- io_github_spair_imgui-java-natives-windows 1.88.0
	- worldedit 7.3.8+6939-7d32b45
[12:13:25] [main/INFO]: SpongePowered MIXIN Subsystem Version=0.8.7 Source=file:/C:/Users/USUARIO/AppData/Roaming/.minecraft/libraries/net/fabricmc/sponge-mixin/0.17.0+mixin.0.8.7/sponge-mixin-0.17.0+mixin.0.8.7.jar Service=Knot/Fabric Env=CLIENT
[12:13:25] [main/INFO]: Compatibility level set to JAVA_21
[12:13:25] [main/WARN]: Reference map 'ctwg.refmap.json' for chatworking.mixins.json could not be read. If this is a development environment you can ignore this message
[12:13:25] [main/INFO]: Loaded configuration file for Sodium: 43 options available, 0 override(s) found
[12:13:25] [main/WARN]: Reference map 'veil.refmap.json' for veil.debug.mixins.json could not be read. If this is a development environment you can ignore this message
[12:13:25] [main/WARN]: Reference map 'veil.refmap.json' for veil.dynamicbuffer.mixins.json could not be read. If this is a development environment you can ignore this message
[12:13:25] [main/WARN]: Reference map 'veil.refmap.json' for veil.fix.mixins.json could not be read. If this is a development environment you can ignore this message
[12:13:25] [main/WARN]: Reference map 'veil.refmap.json' for veil.framebuffer.mixins.json could not be read. If this is a development environment you can ignore this message
[12:13:25] [main/WARN]: Reference map 'veil.refmap.json' for veil.imgui.mixins.json could not be read. If this is a development environment you can ignore this message
[12:13:25] [main/WARN]: Reference map 'veil.refmap.json' for veil.necromancer.mixins.json could not be read. If this is a development environment you can ignore this message
[12:13:25] [main/WARN]: Reference map 'veil.refmap.json' for veil.performance.mixins.json could not be read. If this is a development environment you can ignore this message
[12:13:25] [main/WARN]: Reference map 'veil.refmap.json' for veil.perspective.mixins.json could not be read. If this is a development environment you can ignore this message
[12:13:25] [main/WARN]: Reference map 'veil.refmap.json' for veil.pipeline.mixins.json could not be read. If this is a development environment you can ignore this message
[12:13:25] [main/WARN]: Reference map 'veil.refmap.json' for veil.quasar.mixins.json could not be read. If this is a development environment you can ignore this message
[12:13:25] [main/WARN]: Reference map 'veil.refmap.json' for veil.registry.mixins.json could not be read. If this is a development environment you can ignore this message
[12:13:25] [main/WARN]: Reference map 'veil.refmap.json' for veil.rendertype.mixins.json could not be read. If this is a development environment you can ignore this message
[12:13:25] [main/WARN]: Reference map 'veil.refmap.json' for veil.resource.mixins.json could not be read. If this is a development environment you can ignore this message
[12:13:25] [main/WARN]: Reference map 'veil.refmap.json' for veil.shader.mixins.json could not be read. If this is a development environment you can ignore this message
[12:13:25] [main/WARN]: Reference map 'veil.refmap.json' for veil.scheduler.mixins.json could not be read. If this is a development environment you can ignore this message
[12:13:25] [main/WARN]: Reference map 'veil.refmap.json' for veil.fabric.mixins.json could not be read. If this is a development environment you can ignore this message
[12:13:26] [main/WARN]: Error loading class: net/irisshaders/iris/pipeline/PipelineManager (java.lang.ClassNotFoundException: net/irisshaders/iris/pipeline/PipelineManager)
[12:13:26] [main/WARN]: @Mixin target net.irisshaders.iris.pipeline.PipelineManager was not found veil.fabric.mixins.json:client.perspective.iris.PipelineManagerMixin from mod veil
[12:13:26] [main/INFO]: Searching for graphics cards...
[12:13:26] [main/INFO]: Found graphics adapter: AdapterInfo{vendor=NVIDIA, description='NVIDIA GeForce GTX 1660', adapterType=0x0000031B, openglIcdFilePath='C:\WINDOWS\System32\DriverStore\FileRepository\nv_dispig.inf_amd64_0afec3f2050014a0\nvoglv64.dll', openglIcdVersion=32.0.15.6094}
[12:13:26] [main/WARN]: Sodium has applied one or more workarounds to prevent crashes or other issues on your system: [NVIDIA_THREADED_OPTIMIZATIONS_BROKEN]
[12:13:26] [main/WARN]: This is not necessarily an issue, but it may result in certain features or optimizations being disabled. You can sometimes fix these issues by upgrading your graphics driver.
[12:13:26] [main/INFO]: Initializing MixinExtras via com.llamalad7.mixinextras.service.MixinExtrasServiceImpl(version=0.5.0).
[12:13:29] [Datafixer Bootstrap/INFO]: 226 Datafixer optimizations took 590 milliseconds
[12:13:40] [Render thread/INFO]: Environment: Environment[sessionHost=https://sessionserver.mojang.com, servicesHost=https://api.minecraftservices.com, name=PROD]
[12:13:40] [Render thread/INFO]: Setting user: CyberTiger2
[12:13:40] [Render thread/INFO]: Inicializando Chatworking mod
[12:13:40] [Render thread/INFO]: Comando /chatwork registrado
[12:13:40] [Render thread/INFO]: Listener de chat registrado
[12:13:40] [Render thread/INFO]: [DRIPPY LOADING SCREEN] Loading v3.0.12 in client-side mode on FABRIC!
[12:13:41] [Render thread/INFO]: [FANCYMENU] Loading v3.7.0 in client-side mode on FABRIC!
[12:13:41] [Render thread/INFO]: [KONKRETE] Loading v1.9.9 in client-side mode on FABRIC!
[12:13:41] [Render thread/INFO]: ---------------------------
[12:13:41] [Render thread/INFO]: KONKRETE SHIPS AND USES THE FOLLOWING LIBRARIES:
[12:13:41] [Render thread/INFO]:  
[12:13:41] [Render thread/INFO]: Open Imaging Copyright © 2014 Dhyan Blum.
[12:13:41] [Render thread/INFO]: Open Imaging is licensed under Apache-2.0.
[12:13:41] [Render thread/INFO]:  
[12:13:41] [Render thread/INFO]: JsonPath Copyright © 2017 Jayway.
[12:13:41] [Render thread/INFO]: JsonPath is licensed under Apache-2.0.
[12:13:41] [Render thread/INFO]:  
[12:13:41] [Render thread/INFO]: Json-smart Copyright © netplex.
[12:13:41] [Render thread/INFO]: Json-smart is licensed under Apache-2.0.
[12:13:41] [Render thread/INFO]:  
[12:13:41] [Render thread/INFO]: Exp4j Copyright © Frank Asseg.
[12:13:41] [Render thread/INFO]: Exp4j is licensed under Apache-2.0. https://github.com/fasseg/exp4j
[12:13:41] [Render thread/INFO]: ---------------------------
[12:13:41] [Render thread/INFO]: [KONKRETE] Server-side modules initialized and ready to use!
[12:13:41] [Render thread/INFO]: [MELODY] Loading v1.0.10 on FABRIC...
[12:13:41] [Render thread/INFO]: Loading vanish configuration...
[12:13:41] [Render thread/INFO]: Veil is initializing.
[12:13:42] [Render thread/INFO]: Got request to register class com.sk89q.worldedit.fabric.FabricPlatform with WorldEdit [com.sk89q.worldedit.extension.platform.PlatformManager@74b2ad8e]
[12:13:42] [Render thread/INFO]: WorldEdit for Fabric (version 7.3.8+6939-7d32b45) is loaded
[12:13:42] [Render thread/INFO]: Initializing Distant Horizons client, firing DhApiBeforeDhInitEvent...
[12:13:42] [Render thread/INFO]: Running library validation...
[12:13:42] [Render thread/INFO]: Garbage collectors: [G1 Young Generation, G1 Concurrent GC, G1 Old Generation]
[12:13:42] [Render thread/WARN]: Distant Horizons: G1 Garbage collector detected. 
This garbage collector can cause FPS stuttering. 
It's recommended to use a concurrent garbage collector 
like ZGC (Java 21+) or Shenandoah (Java 8 through 17) for a smoother experience. 

[12:13:42] [Render thread/INFO]: Distant Horizons, Version: 2.4.2-b
[12:13:42] [Render thread/INFO]: Registering Fabric Client Events
[12:13:42] [Render thread/INFO]: Registering Fabric Server Events
[12:13:42] [Render thread/INFO]: Registered mod compatibility accessor for: [Sodium-Fabric].
[12:13:42] [Render thread/INFO]: Skipping mod compatibility accessor for: [starlight]
[12:13:42] [Render thread/INFO]: Skipping mod compatibility accessor for: [optifine]
[12:13:42] [Render thread/INFO]: Skipping mod compatibility accessor for: [bclib]
[12:13:42] [Render thread/INFO]: Skipping mod compatibility accessor for: [c2me]
[12:13:42] [Render thread/INFO]: Skipping mod compatibility accessor for: [iris]
[12:13:42] [Render thread/INFO]: Initialising config for [DistantHorizons]
[12:13:42] [Render thread/INFO]: [DistantHorizons] Config initialised
[12:13:42] [Render thread/INFO]: Applying config to loggers
[12:13:42] [Render thread/INFO]: Distant Horizons client Initialized.
[12:13:42] [Render thread/INFO]: [Indigo] Different rendering plugin detected; not applying Indigo.
[12:13:43] [Render thread/INFO]: Backend library: LWJGL version 3.3.3-snapshot
[12:13:43] [Render thread/INFO]: Modifying process environment to apply workarounds for the NVIDIA graphics driver...
[12:13:44] [Render thread/INFO]: OpenGL Vendor: NVIDIA Corporation
[12:13:44] [Render thread/INFO]: OpenGL Renderer: NVIDIA GeForce GTX 1660/PCIe/SSE2
[12:13:44] [Render thread/INFO]: OpenGL Version: 3.3.0 NVIDIA 560.94
[12:13:44] [Render thread/INFO]: Modifying OpenGL context to apply workarounds for the NVIDIA graphics driver...
[12:13:44] [Render thread/INFO]: Enabling GL_DEBUG_OUTPUT_SYNCHRONOUS to force the NVIDIA driver to disable threadedcommand submission
[12:13:44] [Render thread/INFO]: GL Debug supported
[12:13:45] [Render thread/INFO]: [FANCYMENU] Registering resource reload listener..
[12:13:45] [Render thread/INFO]: fancymenu.mixins.json:client.IMixinRealmsNotificationsScreen from mod fancymenu->@Accessor[FIELD_GETTER]::get_trialAvailable_FancyMenu()Z should be static as its target is
[12:13:45] [Render thread/INFO]: fancymenu.mixins.json:client.IMixinRealmsNotificationsScreen from mod fancymenu->@Accessor[FIELD_GETTER]::get_hasUnreadNews_FancyMenu()Z should be static as its target is
[12:13:45] [Render thread/INFO]: fancymenu.mixins.json:client.IMixinRealmsNotificationsScreen from mod fancymenu->@Accessor[FIELD_GETTER]::get_hasUnseenNotifications()Z should be static as its target is
[12:13:46] [Render thread/INFO]: Reloading ResourceManager: vanilla, fabric, cmdcam, creativecore, distanthorizons, dollmod, drippyloadingscreen, fabric-api, fabric-api-base, fabric-api-lookup-api-v1, fabric-biome-api-v1, fabric-block-api-v1, fabric-block-view-api-v2, fabric-blockrenderlayer-v1, fabric-client-tags-api-v1, fabric-command-api-v1, fabric-command-api-v2, fabric-commands-v0, fabric-content-registries-v0, fabric-convention-tags-v1, fabric-convention-tags-v2, fabric-crash-report-info-v1, fabric-data-attachment-api-v1, fabric-data-generation-api-v1, fabric-dimensions-v1, fabric-entity-events-v1, fabric-events-interaction-v0, fabric-game-rule-api-v1, fabric-item-api-v1, fabric-item-group-api-v1, fabric-key-binding-api-v1, fabric-keybindings-v0, fabric-lifecycle-events-v1, fabric-loot-api-v2, fabric-loot-api-v3, fabric-message-api-v1, fabric-model-loading-api-v1, fabric-networking-api-v1, fabric-object-builder-api-v1, fabric-particles-v1, fabric-recipe-api-v1, fabric-registry-sync-v0, fabric-renderer-api-v1, fabric-renderer-indigo, fabric-renderer-registries-v1, fabric-rendering-data-attachment-v1, fabric-rendering-fluids-v1, fabric-rendering-v0, fabric-rendering-v1, fabric-resource-conditions-api-v1, fabric-resource-loader-v0, fabric-screen-api-v1, fabric-screen-handler-api-v1, fabric-sound-api-v1, fabric-transfer-api-v1, fabric-transitive-access-wideners-v1, fabricloader, fancymenu, konkrete, musica, placeholder-api, plasmovoice, sodium, vanish, veil, worldedit, file/SquidGame_ResourcePack
[12:13:46] [Worker-Main-1/INFO]: Found unifont_all_no_pua-15.1.05.hex, loading
[12:13:46] [Worker-Main-8/ERROR]: Invalid path in mod resource-pack dollmod: dollmod:textures/block/TEXTURAS_PENDIENTES.txt, ignoring
[12:13:46] [Render thread/INFO]: [FANCYMENU] Initializing screen customization engine! Addons should NOT REGISTER TO REGISTRIES anymore now!
[12:13:46] [Worker-Main-10/WARN]: File minecraft:sounds/track1.ogg does not exist, cannot add it to event musica:track1
[12:13:46] [Worker-Main-10/WARN]: File minecraft:sounds/track2.ogg does not exist, cannot add it to event musica:track2
[12:13:46] [Worker-Main-10/WARN]: File minecraft:sounds/brkcinematic.ogg does not exist, cannot add it to event musica:brkcinematic
[12:13:46] [Worker-Main-9/WARN]: Unsupported geometry json version for model dollmod:geo/arcade.geo.json. Supported versions: 1.12.0
[12:13:46] [Worker-Main-9/WARN]: Unsupported geometry json version for model dollmod:geo/armor/band.geo.json. Supported versions: 1.12.0
[12:13:46] [Worker-Main-9/WARN]: Unsupported geometry json version: 1.21.0 for model dollmod:geo/armor/chaleco_explosivo.geo.json. Supported versions: 1.12.0. Remove any rotated face UVs and re-export the model to fix
[12:13:46] [Worker-Main-9/WARN]: Unsupported geometry json version for model dollmod:geo/bed_frame.geo.json. Supported versions: 1.12.0
[12:13:46] [Worker-Main-9/WARN]: Unsupported geometry json version for model dollmod:geo/bowl_empty.geo.json. Supported versions: 1.12.0
[12:13:46] [Worker-Main-9/WARN]: Unsupported geometry json version for model dollmod:geo/bowl_food.geo.json. Supported versions: 1.12.0
[12:13:46] [Worker-Main-9/WARN]: Unsupported geometry json version for model dollmod:geo/broken_bottle.geo.json. Supported versions: 1.12.0
[12:13:46] [Worker-Main-9/WARN]: Unsupported geometry json version for model dollmod:geo/camera.geo.json. Supported versions: 1.12.0
[12:13:46] [Worker-Main-9/WARN]: Unsupported geometry json version for model dollmod:geo/camera_shoot.geo.json. Supported versions: 1.12.0
[12:13:46] [Worker-Main-9/WARN]: Unsupported geometry json version: 1.21.0 for model dollmod:geo/cookie_circle.geo.json. Supported versions: 1.12.0. Remove any rotated face UVs and re-export the model to fix
[12:13:46] [Worker-Main-9/WARN]: Unsupported geometry json version: 1.21.0 for model dollmod:geo/cookie_creeper.geo.json. Supported versions: 1.12.0. Remove any rotated face UVs and re-export the model to fix
[12:13:46] [Worker-Main-9/WARN]: Unsupported geometry json version: 1.21.0 for model dollmod:geo/cookie_squid.geo.json. Supported versions: 1.12.0. Remove any rotated face UVs and re-export the model to fix
[12:13:46] [Worker-Main-9/WARN]: Unsupported geometry json version for model dollmod:geo/corpse.geo.json. Supported versions: 1.12.0
[12:13:46] [Worker-Main-9/WARN]: Unsupported geometry json version for model dollmod:geo/full_water_bottle.geo.json. Supported versions: 1.12.0
[12:13:46] [Worker-Main-9/WARN]: Unsupported geometry json version: 1.21.0 for model dollmod:geo/hecdj.geo.json. Supported versions: 1.12.0. Remove any rotated face UVs and re-export the model to fix
[12:13:46] [Worker-Main-9/WARN]: Unsupported geometry json version for model dollmod:geo/knife.geo.json. Supported versions: 1.12.0
[12:13:46] [Worker-Main-9/WARN]: Unsupported geometry json version for model dollmod:geo/light_in_the_wall.geo.json. Supported versions: 1.12.0
[12:13:46] [Worker-Main-9/WARN]: Unsupported geometry json version for model dollmod:geo/light_one.geo.json. Supported versions: 1.12.0
[12:13:46] [Worker-Main-9/WARN]: Unsupported geometry json version for model dollmod:geo/mirror.geo.json. Supported versions: 1.12.0
[12:13:46] [Worker-Main-9/WARN]: Unsupported geometry json version for model dollmod:geo/post.geo.json. Supported versions: 1.12.0
[12:13:46] [Worker-Main-9/WARN]: Unsupported geometry json version for model dollmod:geo/post_three.geo.json. Supported versions: 1.12.0
[12:13:46] [Worker-Main-9/WARN]: Unsupported geometry json version for model dollmod:geo/post_two.geo.json. Supported versions: 1.12.0
[12:13:46] [Worker-Main-9/WARN]: Unsupported geometry json version for model dollmod:geo/security_camera.geo.json. Supported versions: 1.12.0
[12:13:46] [Worker-Main-9/WARN]: Unsupported geometry json version: 1.21.0 for model dollmod:geo/small_light.geo.json. Supported versions: 1.12.0. Remove any rotated face UVs and re-export the model to fix
[12:13:46] [Worker-Main-9/WARN]: Unsupported geometry json version for model dollmod:geo/speaker.geo.json. Supported versions: 1.12.0
[12:13:46] [Worker-Main-9/WARN]: Unsupported geometry json version for model dollmod:geo/tube_one.geo.json. Supported versions: 1.12.0
[12:13:46] [Worker-Main-9/WARN]: Unsupported geometry json version for model dollmod:geo/tube_two.geo.json. Supported versions: 1.12.0
[12:13:46] [Worker-Main-9/WARN]: Unsupported geometry json version for model dollmod:geo/washbasin.geo.json. Supported versions: 1.12.0
[12:13:46] [Worker-Main-9/WARN]: Unsupported geometry json version for model dollmod:geo/washbasin_guard.geo.json. Supported versions: 1.12.0
[12:13:46] [Worker-Main-9/WARN]: Unsupported geometry json version for model dollmod:geo/window.geo.json. Supported versions: 1.12.0
[12:13:46] [Worker-Main-6/ERROR]: Failed to load model dollmod:models/block/elevator_door.json
com.google.gson.JsonParseException: JSON data was null or empty
	at knot/net.minecraft.class_3518.method_15267(class_3518.java:534) ~[client-intermediary.jar:?]
	at knot/net.minecraft.class_3518.method_15276(class_3518.java:582) ~[client-intermediary.jar:?]
	at knot/net.minecraft.class_793.method_3437(class_793.java:86) ~[client-intermediary.jar:?]
	at knot/net.minecraft.class_1092.method_45898(class_1092.java:105) ~[client-intermediary.jar:?]
	at java.base/java.util.concurrent.CompletableFuture$AsyncSupply.run(CompletableFuture.java:1768) [?:?]
	at java.base/java.util.concurrent.CompletableFuture$AsyncSupply.exec(CompletableFuture.java:1760) [?:?]
	at java.base/java.util.concurrent.ForkJoinTask.doExec(ForkJoinTask.java:387) [?:?]
	at java.base/java.util.concurrent.ForkJoinPool$WorkQueue.topLevelExec(ForkJoinPool.java:1312) [?:?]
	at java.base/java.util.concurrent.ForkJoinPool.scan(ForkJoinPool.java:1843) [?:?]
	at java.base/java.util.concurrent.ForkJoinPool.runWorker(ForkJoinPool.java:1808) [?:?]
	at java.base/java.util.concurrent.ForkJoinWorkerThread.run(ForkJoinWorkerThread.java:188) [?:?]
[12:13:46] [Worker-Main-3/ERROR]: Unable to parse animation: animation.h130.move
	-> Failed to parse expression 'query.has_rider ? Math.clamp(query.modified_move_speed * 3,0, 5)'
		-> Unable to parse compiled symbols from expression: [Left[query.has_rider], Left[?], Left[math.clamp], Right[[query.modified_move_speed(0.0) * 3.0, 0.0, 5.0]]]
[12:13:46] [Worker-Main-3/INFO]: [STDERR]: Geckolib.CompoundException: Unable to parse animation: animation.h130.move
	-> Failed to parse expression 'query.has_rider ? Math.clamp(query.modified_move_speed * 3,0, 5)'
		-> Unable to parse compiled symbols from expression: [Left[query.has_rider], Left[?], Left[math.clamp], Right[[query.modified_move_speed(0.0) * 3.0, 0.0, 5.0]]]
[12:13:46] [Worker-Main-3/INFO]: [STDERR]: 	at knot//software.bernie.geckolib.loading.math.MathParser.parseSymbols(MathParser.java:381)
[12:13:46] [Worker-Main-3/INFO]: [STDERR]: 	at knot//software.bernie.geckolib.loading.math.MathParser.compileExpression(MathParser.java:209)
[12:13:46] [Worker-Main-3/INFO]: [STDERR]: 	at knot//software.bernie.geckolib.loading.math.MathParser.compileMolang(MathParser.java:201)
[12:13:46] [Worker-Main-3/INFO]: [STDERR]: 	at knot//software.bernie.geckolib.loading.math.MathParser.parseJson(MathParser.java:163)
[12:13:46] [Worker-Main-3/INFO]: [STDERR]: 	at knot//software.bernie.geckolib.loading.json.typeadapter.BakedAnimationsAdapter.buildKeyframeStack(BakedAnimationsAdapter.java:202)
[12:13:46] [Worker-Main-3/INFO]: [STDERR]: 	at knot//software.bernie.geckolib.loading.json.typeadapter.BakedAnimationsAdapter.bakeBoneAnimations(BakedAnimationsAdapter.java:78)
[12:13:46] [Worker-Main-3/INFO]: [STDERR]: 	at knot//software.bernie.geckolib.loading.json.typeadapter.BakedAnimationsAdapter.bakeAnimation(BakedAnimationsAdapter.java:61)
[12:13:46] [Worker-Main-3/INFO]: [STDERR]: 	at knot//software.bernie.geckolib.loading.json.typeadapter.BakedAnimationsAdapter.deserialize(BakedAnimationsAdapter.java:41)
[12:13:46] [Worker-Main-3/INFO]: [STDERR]: 	at knot//software.bernie.geckolib.loading.json.typeadapter.BakedAnimationsAdapter.deserialize(BakedAnimationsAdapter.java:31)
[12:13:46] [Worker-Main-3/INFO]: [STDERR]: 	at knot//com.google.gson.internal.bind.TreeTypeAdapter.read(TreeTypeAdapter.java:76)
[12:13:46] [Worker-Main-3/INFO]: [STDERR]: 	at knot//com.google.gson.Gson.fromJson(Gson.java:1227)
[12:13:46] [Worker-Main-3/INFO]: [STDERR]: 	at knot//com.google.gson.Gson.fromJson(Gson.java:1329)
[12:13:46] [Worker-Main-3/INFO]: [STDERR]: 	at knot//com.google.gson.Gson.fromJson(Gson.java:1271)
[12:13:46] [Worker-Main-3/INFO]: [STDERR]: 	at knot//software.bernie.geckolib.loading.FileLoader.loadAnimationsFile(FileLoader.java:36)
[12:13:46] [Worker-Main-3/INFO]: [STDERR]: 	at knot//software.bernie.geckolib.cache.GeckoLibCache.lambda$loadAnimations$2(GeckoLibCache.java:79)
[12:13:46] [Worker-Main-3/INFO]: [STDERR]: 	at knot//software.bernie.geckolib.cache.GeckoLibCache.lambda$loadResources$8(GeckoLibCache.java:121)
[12:13:46] [Worker-Main-3/INFO]: [STDERR]: 	at java.base/java.util.concurrent.CompletableFuture$AsyncSupply.run(CompletableFuture.java:1768)
[12:13:46] [Worker-Main-3/INFO]: [STDERR]: 	at java.base/java.util.concurrent.CompletableFuture$AsyncSupply.exec(CompletableFuture.java:1760)
[12:13:46] [Worker-Main-3/INFO]: [STDERR]: 	at java.base/java.util.concurrent.ForkJoinTask.doExec(ForkJoinTask.java:387)
[12:13:46] [Worker-Main-3/INFO]: [STDERR]: 	at java.base/java.util.concurrent.ForkJoinPool$WorkQueue.topLevelExec(ForkJoinPool.java:1312)
[12:13:46] [Worker-Main-3/INFO]: [STDERR]: 	at java.base/java.util.concurrent.ForkJoinPool.scan(ForkJoinPool.java:1843)
[12:13:46] [Worker-Main-3/INFO]: [STDERR]: 	at java.base/java.util.concurrent.ForkJoinPool.runWorker(ForkJoinPool.java:1808)
[12:13:46] [Worker-Main-3/INFO]: [STDERR]: 	at java.base/java.util.concurrent.ForkJoinWorkerThread.run(ForkJoinWorkerThread.java:188)
[12:13:46] [Worker-Main-3/ERROR]: Unable to parse animation: animation.h130.lever
	-> Failed to parse expression 'query.has_rider ? Math.clamp(query.modified_move_speed * 30,0, 60)'
		-> Unable to parse compiled symbols from expression: [Left[query.has_rider], Left[?], Left[math.clamp], Right[[query.modified_move_speed(0.0) * 30.0, 0.0, 60.0]]]
[12:13:46] [Worker-Main-3/INFO]: [STDERR]: Geckolib.CompoundException: Unable to parse animation: animation.h130.lever
	-> Failed to parse expression 'query.has_rider ? Math.clamp(query.modified_move_speed * 30,0, 60)'
		-> Unable to parse compiled symbols from expression: [Left[query.has_rider], Left[?], Left[math.clamp], Right[[query.modified_move_speed(0.0) * 30.0, 0.0, 60.0]]]
[12:13:46] [Worker-Main-3/INFO]: [STDERR]: 	at knot//software.bernie.geckolib.loading.math.MathParser.parseSymbols(MathParser.java:381)
[12:13:46] [Worker-Main-3/INFO]: [STDERR]: 	at knot//software.bernie.geckolib.loading.math.MathParser.compileExpression(MathParser.java:209)
[12:13:46] [Worker-Main-3/INFO]: [STDERR]: 	at knot//software.bernie.geckolib.loading.math.MathParser.compileMolang(MathParser.java:201)
[12:13:46] [Worker-Main-3/INFO]: [STDERR]: 	at knot//software.bernie.geckolib.loading.math.MathParser.parseJson(MathParser.java:163)
[12:13:46] [Worker-Main-3/INFO]: [STDERR]: 	at knot//software.bernie.geckolib.loading.json.typeadapter.BakedAnimationsAdapter.buildKeyframeStack(BakedAnimationsAdapter.java:202)
[12:13:46] [Worker-Main-3/INFO]: [STDERR]: 	at knot//software.bernie.geckolib.loading.json.typeadapter.BakedAnimationsAdapter.bakeBoneAnimations(BakedAnimationsAdapter.java:78)
[12:13:46] [Worker-Main-3/INFO]: [STDERR]: 	at knot//software.bernie.geckolib.loading.json.typeadapter.BakedAnimationsAdapter.bakeAnimation(BakedAnimationsAdapter.java:61)
[12:13:46] [Worker-Main-3/INFO]: [STDERR]: 	at knot//software.bernie.geckolib.loading.json.typeadapter.BakedAnimationsAdapter.deserialize(BakedAnimationsAdapter.java:41)
[12:13:46] [Worker-Main-3/INFO]: [STDERR]: 	at knot//software.bernie.geckolib.loading.json.typeadapter.BakedAnimationsAdapter.deserialize(BakedAnimationsAdapter.java:31)
[12:13:46] [Worker-Main-3/INFO]: [STDERR]: 	at knot//com.google.gson.internal.bind.TreeTypeAdapter.read(TreeTypeAdapter.java:76)
[12:13:46] [Worker-Main-3/INFO]: [STDERR]: 	at knot//com.google.gson.Gson.fromJson(Gson.java:1227)
[12:13:46] [Worker-Main-3/INFO]: [STDERR]: 	at knot//com.google.gson.Gson.fromJson(Gson.java:1329)
[12:13:46] [Worker-Main-3/INFO]: [STDERR]: 	at knot//com.google.gson.Gson.fromJson(Gson.java:1271)
[12:13:46] [Worker-Main-3/INFO]: [STDERR]: 	at knot//software.bernie.geckolib.loading.FileLoader.loadAnimationsFile(FileLoader.java:36)
[12:13:46] [Worker-Main-3/INFO]: [STDERR]: 	at knot//software.bernie.geckolib.cache.GeckoLibCache.lambda$loadAnimations$2(GeckoLibCache.java:79)
[12:13:46] [Worker-Main-3/INFO]: [STDERR]: 	at knot//software.bernie.geckolib.cache.GeckoLibCache.lambda$loadResources$8(GeckoLibCache.java:121)
[12:13:46] [Worker-Main-3/INFO]: [STDERR]: 	at java.base/java.util.concurrent.CompletableFuture$AsyncSupply.run(CompletableFuture.java:1768)
[12:13:46] [Worker-Main-3/INFO]: [STDERR]: 	at java.base/java.util.concurrent.CompletableFuture$AsyncSupply.exec(CompletableFuture.java:1760)
[12:13:46] [Worker-Main-3/INFO]: [STDERR]: 	at java.base/java.util.concurrent.ForkJoinTask.doExec(ForkJoinTask.java:387)
[12:13:46] [Worker-Main-3/INFO]: [STDERR]: 	at java.base/java.util.concurrent.ForkJoinPool$WorkQueue.topLevelExec(ForkJoinPool.java:1312)
[12:13:46] [Worker-Main-3/INFO]: [STDERR]: 	at java.base/java.util.concurrent.ForkJoinPool.scan(ForkJoinPool.java:1843)
[12:13:46] [Worker-Main-3/INFO]: [STDERR]: 	at java.base/java.util.concurrent.ForkJoinPool.runWorker(ForkJoinPool.java:1808)
[12:13:46] [Worker-Main-3/INFO]: [STDERR]: 	at java.base/java.util.concurrent.ForkJoinWorkerThread.run(ForkJoinWorkerThread.java:188)
[12:13:46] [Worker-Main-3/ERROR]: Unable to parse animation: animation.h130.h_meter
	-> Failed to parse expression 'query.property('hc:fuel') / 16'
		-> Invalid characters found in expression: 'query.property('hc:fuel') / 16'
[12:13:46] [Worker-Main-3/INFO]: [STDERR]: Geckolib.CompoundException: Unable to parse animation: animation.h130.h_meter
	-> Failed to parse expression 'query.property('hc:fuel') / 16'
		-> Invalid characters found in expression: 'query.property('hc:fuel') / 16'
[12:13:46] [Worker-Main-3/INFO]: [STDERR]: 	at knot//software.bernie.geckolib.loading.math.MathParser.decomposeExpression(MathParser.java:221)
[12:13:46] [Worker-Main-3/INFO]: [STDERR]: 	at knot//software.bernie.geckolib.loading.math.MathParser.compileExpression(MathParser.java:209)
[12:13:46] [Worker-Main-3/INFO]: [STDERR]: 	at knot//software.bernie.geckolib.loading.math.MathParser.compileMolang(MathParser.java:201)
[12:13:46] [Worker-Main-3/INFO]: [STDERR]: 	at knot//software.bernie.geckolib.loading.math.MathParser.parseJson(MathParser.java:163)
[12:13:46] [Worker-Main-3/INFO]: [STDERR]: 	at knot//software.bernie.geckolib.loading.json.typeadapter.BakedAnimationsAdapter.buildKeyframeStack(BakedAnimationsAdapter.java:203)
[12:13:46] [Worker-Main-3/INFO]: [STDERR]: 	at knot//software.bernie.geckolib.loading.json.typeadapter.BakedAnimationsAdapter.bakeBoneAnimations(BakedAnimationsAdapter.java:76)
[12:13:46] [Worker-Main-3/INFO]: [STDERR]: 	at knot//software.bernie.geckolib.loading.json.typeadapter.BakedAnimationsAdapter.bakeAnimation(BakedAnimationsAdapter.java:61)
[12:13:46] [Worker-Main-3/INFO]: [STDERR]: 	at knot//software.bernie.geckolib.loading.json.typeadapter.BakedAnimationsAdapter.deserialize(BakedAnimationsAdapter.java:41)
[12:13:46] [Worker-Main-3/INFO]: [STDERR]: 	at knot//software.bernie.geckolib.loading.json.typeadapter.BakedAnimationsAdapter.deserialize(BakedAnimationsAdapter.java:31)
[12:13:46] [Worker-Main-3/INFO]: [STDERR]: 	at knot//com.google.gson.internal.bind.TreeTypeAdapter.read(TreeTypeAdapter.java:76)
[12:13:46] [Worker-Main-3/INFO]: [STDERR]: 	at knot//com.google.gson.Gson.fromJson(Gson.java:1227)
[12:13:46] [Worker-Main-3/INFO]: [STDERR]: 	at knot//com.google.gson.Gson.fromJson(Gson.java:1329)
[12:13:46] [Worker-Main-3/INFO]: [STDERR]: 	at knot//com.google.gson.Gson.fromJson(Gson.java:1271)
[12:13:46] [Worker-Main-3/INFO]: [STDERR]: 	at knot//software.bernie.geckolib.loading.FileLoader.loadAnimationsFile(FileLoader.java:36)
[12:13:46] [Worker-Main-3/INFO]: [STDERR]: 	at knot//software.bernie.geckolib.cache.GeckoLibCache.lambda$loadAnimations$2(GeckoLibCache.java:79)
[12:13:46] [Worker-Main-3/INFO]: [STDERR]: 	at knot//software.bernie.geckolib.cache.GeckoLibCache.lambda$loadResources$8(GeckoLibCache.java:121)
[12:13:46] [Worker-Main-3/INFO]: [STDERR]: 	at java.base/java.util.concurrent.CompletableFuture$AsyncSupply.run(CompletableFuture.java:1768)
[12:13:46] [Worker-Main-3/INFO]: [STDERR]: 	at java.base/java.util.concurrent.CompletableFuture$AsyncSupply.exec(CompletableFuture.java:1760)
[12:13:46] [Worker-Main-3/INFO]: [STDERR]: 	at java.base/java.util.concurrent.ForkJoinTask.doExec(ForkJoinTask.java:387)
[12:13:46] [Worker-Main-3/INFO]: [STDERR]: 	at java.base/java.util.concurrent.ForkJoinPool$WorkQueue.topLevelExec(ForkJoinPool.java:1312)
[12:13:46] [Worker-Main-3/INFO]: [STDERR]: 	at java.base/java.util.concurrent.ForkJoinPool.scan(ForkJoinPool.java:1843)
[12:13:46] [Worker-Main-3/INFO]: [STDERR]: 	at java.base/java.util.concurrent.ForkJoinPool.runWorker(ForkJoinPool.java:1808)
[12:13:46] [Worker-Main-3/INFO]: [STDERR]: 	at java.base/java.util.concurrent.ForkJoinWorkerThread.run(ForkJoinWorkerThread.java:188)
[12:13:46] [Worker-Main-3/ERROR]: Unable to parse animation: animation.h130.manuver
	-> Failed to parse expression 'math.clamp(((query.body_y_rotation - query.camera_rotation(1) + 180)  - 360 * (query.body_y_rotation - query.camera_rotation(1) + 180 >= 360 ? 1 : 0)  - 180 - 360 * ((query.body_y_rotation - query.camera_rotation(1) + 180) < 0 ? -1 : 0)) / 2,  -8,  8)'
		-> Unable to parse compiled symbols from expression: [Left[query.camera_rotation], Right[[1.0]]]
[12:13:46] [Worker-Main-3/INFO]: [STDERR]: Geckolib.CompoundException: Unable to parse animation: animation.h130.manuver
	-> Failed to parse expression 'math.clamp(((query.body_y_rotation - query.camera_rotation(1) + 180)  - 360 * (query.body_y_rotation - query.camera_rotation(1) + 180 >= 360 ? 1 : 0)  - 180 - 360 * ((query.body_y_rotation - query.camera_rotation(1) + 180) < 0 ? -1 : 0)) / 2,  -8,  8)'
		-> Unable to parse compiled symbols from expression: [Left[query.camera_rotation], Right[[1.0]]]
[12:13:46] [Worker-Main-3/INFO]: [STDERR]: 	at knot//software.bernie.geckolib.loading.math.MathParser.parseSymbols(MathParser.java:381)
[12:13:46] [Worker-Main-3/INFO]: [STDERR]: 	at knot//software.bernie.geckolib.loading.math.MathParser.compileCalculation(MathParser.java:471)
[12:13:46] [Worker-Main-3/INFO]: [STDERR]: 	at knot//software.bernie.geckolib.loading.math.MathParser.compileValue(MathParser.java:400)
[12:13:46] [Worker-Main-3/INFO]: [STDERR]: 	at knot//software.bernie.geckolib.loading.math.MathParser.parseSymbols(MathParser.java:376)
[12:13:46] [Worker-Main-3/INFO]: [STDERR]: 	at knot//software.bernie.geckolib.loading.math.MathParser.compileCalculation(MathParser.java:471)
[12:13:46] [Worker-Main-3/INFO]: [STDERR]: 	at knot//software.bernie.geckolib.loading.math.MathParser.compileValue(MathParser.java:400)
[12:13:46] [Worker-Main-3/INFO]: [STDERR]: 	at knot//software.bernie.geckolib.loading.math.MathParser.parseSymbols(MathParser.java:376)
[12:13:46] [Worker-Main-3/INFO]: [STDERR]: 	at knot//software.bernie.geckolib.loading.math.MathParser.compileSymbols(MathParser.java:337)
[12:13:46] [Worker-Main-3/INFO]: [STDERR]: 	at knot//software.bernie.geckolib.loading.math.MathParser.compileSymbols(MathParser.java:337)
[12:13:46] [Worker-Main-3/INFO]: [STDERR]: 	at knot//software.bernie.geckolib.loading.math.MathParser.compileSymbols(MathParser.java:329)
[12:13:46] [Worker-Main-3/INFO]: [STDERR]: 	at knot//software.bernie.geckolib.loading.math.MathParser.compileExpression(MathParser.java:209)
[12:13:46] [Worker-Main-3/INFO]: [STDERR]: 	at knot//software.bernie.geckolib.loading.math.MathParser.compileMolang(MathParser.java:201)
[12:13:46] [Worker-Main-3/INFO]: [STDERR]: 	at knot//software.bernie.geckolib.loading.math.MathParser.parseJson(MathParser.java:163)
[12:13:46] [Worker-Main-3/INFO]: [STDERR]: 	at knot//software.bernie.geckolib.loading.json.typeadapter.BakedAnimationsAdapter.buildKeyframeStack(BakedAnimationsAdapter.java:204)
[12:13:46] [Worker-Main-3/INFO]: [STDERR]: 	at knot//software.bernie.geckolib.loading.json.typeadapter.BakedAnimationsAdapter.bakeBoneAnimations(BakedAnimationsAdapter.java:78)
[12:13:46] [Worker-Main-3/INFO]: [STDERR]: 	at knot//software.bernie.geckolib.loading.json.typeadapter.BakedAnimationsAdapter.bakeAnimation(BakedAnimationsAdapter.java:61)
[12:13:46] [Worker-Main-3/INFO]: [STDERR]: 	at knot//software.bernie.geckolib.loading.json.typeadapter.BakedAnimationsAdapter.deserialize(BakedAnimationsAdapter.java:41)
[12:13:46] [Worker-Main-3/INFO]: [STDERR]: 	at knot//software.bernie.geckolib.loading.json.typeadapter.BakedAnimationsAdapter.deserialize(BakedAnimationsAdapter.java:31)
[12:13:46] [Worker-Main-3/INFO]: [STDERR]: 	at knot//com.google.gson.internal.bind.TreeTypeAdapter.read(TreeTypeAdapter.java:76)
[12:13:46] [Worker-Main-3/INFO]: [STDERR]: 	at knot//com.google.gson.Gson.fromJson(Gson.java:1227)
[12:13:46] [Worker-Main-3/INFO]: [STDERR]: 	at knot//com.google.gson.Gson.fromJson(Gson.java:1329)
[12:13:46] [Worker-Main-3/INFO]: [STDERR]: 	at knot//com.google.gson.Gson.fromJson(Gson.java:1271)
[12:13:46] [Worker-Main-3/INFO]: [STDERR]: 	at knot//software.bernie.geckolib.loading.FileLoader.loadAnimationsFile(FileLoader.java:36)
[12:13:46] [Worker-Main-3/INFO]: [STDERR]: 	at knot//software.bernie.geckolib.cache.GeckoLibCache.lambda$loadAnimations$2(GeckoLibCache.java:79)
[12:13:46] [Worker-Main-3/INFO]: [STDERR]: 	at knot//software.bernie.geckolib.cache.GeckoLibCache.lambda$loadResources$8(GeckoLibCache.java:121)
[12:13:46] [Worker-Main-3/INFO]: [STDERR]: 	at java.base/java.util.concurrent.CompletableFuture$AsyncSupply.run(CompletableFuture.java:1768)
[12:13:46] [Worker-Main-3/INFO]: [STDERR]: 	at java.base/java.util.concurrent.CompletableFuture$AsyncSupply.exec(CompletableFuture.java:1760)
[12:13:46] [Worker-Main-3/INFO]: [STDERR]: 	at java.base/java.util.concurrent.ForkJoinTask.doExec(ForkJoinTask.java:387)
[12:13:46] [Worker-Main-3/INFO]: [STDERR]: 	at java.base/java.util.concurrent.ForkJoinPool$WorkQueue.topLevelExec(ForkJoinPool.java:1312)
[12:13:46] [Worker-Main-3/INFO]: [STDERR]: 	at java.base/java.util.concurrent.ForkJoinPool.scan(ForkJoinPool.java:1843)
[12:13:46] [Worker-Main-3/INFO]: [STDERR]: 	at java.base/java.util.concurrent.ForkJoinPool.runWorker(ForkJoinPool.java:1808)
[12:13:46] [Worker-Main-3/INFO]: [STDERR]: 	at java.base/java.util.concurrent.ForkJoinWorkerThread.run(ForkJoinWorkerThread.java:188)
[12:13:47] [Render thread/INFO]: [DRIPPY LOADING SCREEN] Initializing fonts for text rendering..
[12:13:47] [Render thread/INFO]: [FANCYMENU] ScreenCustomizationLayer registered: drippy_loading_overlay
[12:13:47] [Worker-Main-1/INFO]: Found unifont_jp_patch-15.1.05.hex, loading
[12:13:47] [Render thread/INFO]: [FANCYMENU] Starting late client initialization phase..
[12:13:47] [Render thread/INFO]: [FANCYMENU] Custom window icon successfully updated!
[12:13:47] [Worker-Main-9/WARN]: Texture minecraft:block/torch with size 1x8 limits mip level from 4 to 0
[12:13:47] [Worker-Main-9/WARN]: minecraft:textures/atlas/blocks.png: dropping miplevel from 4 to 0, because of minimum power of two: 1
[12:13:47] [Render thread/INFO]: [KONKRETE] Client-side modules initialized and ready to use!
[12:13:47] [Render thread/INFO]: Running Delayed setup...
[12:13:47] [Render thread/INFO]: Delayed setup complete, firing DhApiAfterDhInitEvent event...
[12:13:47] [Render thread/INFO]: [FANCYMENU] Custom window icon successfully updated!
[12:13:47] [Worker-Main-8/INFO]: Found unifont_jp_patch-15.1.05.hex, loading
[12:13:47] [Worker-Main-3/INFO]: Found unifont_all_no_pua-15.1.05.hex, loading
[12:13:48] [Worker-Main-7/WARN]: Exception loading blockstate definition: 'dollmod:blockstates/coffin.json' missing model for variant: 'dollmod:coffin#facing=south'
[12:13:48] [Worker-Main-7/WARN]: Exception loading blockstate definition: 'dollmod:blockstates/coffin.json' missing model for variant: 'dollmod:coffin#facing=east'
[12:13:48] [Worker-Main-7/WARN]: Exception loading blockstate definition: 'dollmod:blockstates/coffin.json' missing model for variant: 'dollmod:coffin#facing=north'
[12:13:48] [Worker-Main-7/WARN]: Exception loading blockstate definition: 'dollmod:blockstates/coffin.json' missing model for variant: 'dollmod:coffin#facing=west'
[12:13:48] [Worker-Main-7/WARN]: Exception loading blockstate definition: 'dollmod:blockstates/window.json' missing model for variant: 'dollmod:window#facing=south'
[12:13:48] [Worker-Main-7/WARN]: Exception loading blockstate definition: 'dollmod:blockstates/window.json' missing model for variant: 'dollmod:window#facing=east'
[12:13:48] [Worker-Main-7/WARN]: Exception loading blockstate definition: 'dollmod:blockstates/window.json' missing model for variant: 'dollmod:window#facing=north'
[12:13:48] [Worker-Main-7/WARN]: Exception loading blockstate definition: 'dollmod:blockstates/window.json' missing model for variant: 'dollmod:window#facing=west'
[12:13:48] [Worker-Main-7/WARN]: Exception loading blockstate definition: 'dollmod:blockstates/mirror.json' missing model for variant: 'dollmod:mirror#facing=east'
[12:13:48] [Worker-Main-7/WARN]: Exception loading blockstate definition: 'dollmod:blockstates/mirror.json' missing model for variant: 'dollmod:mirror#facing=north'
[12:13:48] [Worker-Main-7/WARN]: Exception loading blockstate definition: 'dollmod:blockstates/mirror.json' missing model for variant: 'dollmod:mirror#facing=south'
[12:13:48] [Worker-Main-7/WARN]: Exception loading blockstate definition: 'dollmod:blockstates/mirror.json' missing model for variant: 'dollmod:mirror#facing=west'
[12:13:48] [Worker-Main-7/WARN]: Exception loading blockstate definition: 'dollmod:blockstates/speaker.json' missing model for variant: 'dollmod:speaker#facing=west'
[12:13:48] [Worker-Main-7/WARN]: Exception loading blockstate definition: 'dollmod:blockstates/speaker.json' missing model for variant: 'dollmod:speaker#facing=east'
[12:13:48] [Worker-Main-7/WARN]: Exception loading blockstate definition: 'dollmod:blockstates/speaker.json' missing model for variant: 'dollmod:speaker#facing=north'
[12:13:48] [Worker-Main-7/WARN]: Exception loading blockstate definition: 'dollmod:blockstates/speaker.json' missing model for variant: 'dollmod:speaker#facing=south'
[12:13:48] [Worker-Main-7/WARN]: Exception loading blockstate definition: 'dollmod:blockstates/glass_block.json' missing model for variant: 'dollmod:glass_block#'
[12:13:48] [Worker-Main-7/WARN]: Exception loading blockstate definition: 'dollmod:blockstates/breakable_glass.json' missing model for variant: 'dollmod:breakable_glass#'
[12:13:48] [Worker-Main-7/WARN]: Exception loading blockstate definition: 'dollmod:blockstates/fence_block.json' missing model for variant: 'dollmod:fence_block#facing=east'
[12:13:48] [Worker-Main-7/WARN]: Exception loading blockstate definition: 'dollmod:blockstates/fence_block.json' missing model for variant: 'dollmod:fence_block#facing=north'
[12:13:48] [Worker-Main-7/WARN]: Exception loading blockstate definition: 'dollmod:blockstates/fence_block.json' missing model for variant: 'dollmod:fence_block#facing=south'
[12:13:48] [Worker-Main-7/WARN]: Exception loading blockstate definition: 'dollmod:blockstates/fence_block.json' missing model for variant: 'dollmod:fence_block#facing=west'
[12:13:48] [Worker-Main-7/WARN]: Exception loading blockstate definition: 'dollmod:blockstates/security_camera.json' missing model for variant: 'dollmod:security_camera#facing=south'
[12:13:48] [Worker-Main-7/WARN]: Exception loading blockstate definition: 'dollmod:blockstates/security_camera.json' missing model for variant: 'dollmod:security_camera#facing=east'
[12:13:48] [Worker-Main-7/WARN]: Exception loading blockstate definition: 'dollmod:blockstates/security_camera.json' missing model for variant: 'dollmod:security_camera#facing=west'
[12:13:48] [Worker-Main-7/WARN]: Exception loading blockstate definition: 'dollmod:blockstates/security_camera.json' missing model for variant: 'dollmod:security_camera#facing=north'
[12:13:48] [Worker-Main-7/WARN]: Exception loading blockstate definition: 'dollmod:blockstates/lamp.json' missing model for variant: 'dollmod:lamp#'
[12:13:48] [Worker-Main-7/WARN]: Exception loading blockstate definition: 'dollmod:blockstates/interrogatoria_lamp.json' missing model for variant: 'dollmod:interrogatoria_lamp#'
[12:13:48] [Worker-Main-7/WARN]: Exception loading blockstate definition: 'dollmod:blockstates/washbasin.json' missing model for variant: 'dollmod:washbasin#facing=west'
[12:13:48] [Worker-Main-7/WARN]: Exception loading blockstate definition: 'dollmod:blockstates/washbasin.json' missing model for variant: 'dollmod:washbasin#facing=north'
[12:13:48] [Worker-Main-7/WARN]: Exception loading blockstate definition: 'dollmod:blockstates/washbasin.json' missing model for variant: 'dollmod:washbasin#facing=south'
[12:13:48] [Worker-Main-7/WARN]: Exception loading blockstate definition: 'dollmod:blockstates/washbasin.json' missing model for variant: 'dollmod:washbasin#facing=east'
[12:13:48] [Worker-Main-7/WARN]: Exception loading blockstate definition: 'dollmod:blockstates/washbasin_guard.json' missing model for variant: 'dollmod:washbasin_guard#facing=south'
[12:13:48] [Worker-Main-7/WARN]: Exception loading blockstate definition: 'dollmod:blockstates/washbasin_guard.json' missing model for variant: 'dollmod:washbasin_guard#facing=north'
[12:13:48] [Worker-Main-7/WARN]: Exception loading blockstate definition: 'dollmod:blockstates/washbasin_guard.json' missing model for variant: 'dollmod:washbasin_guard#facing=west'
[12:13:48] [Worker-Main-7/WARN]: Exception loading blockstate definition: 'dollmod:blockstates/washbasin_guard.json' missing model for variant: 'dollmod:washbasin_guard#facing=east'
[12:13:48] [Worker-Main-7/WARN]: Exception loading blockstate definition: 'dollmod:blockstates/camera.json' missing model for variant: 'dollmod:camera#facing=west'
[12:13:48] [Worker-Main-7/WARN]: Exception loading blockstate definition: 'dollmod:blockstates/camera.json' missing model for variant: 'dollmod:camera#facing=south'
[12:13:48] [Worker-Main-7/WARN]: Exception loading blockstate definition: 'dollmod:blockstates/camera.json' missing model for variant: 'dollmod:camera#facing=north'
[12:13:48] [Worker-Main-7/WARN]: Exception loading blockstate definition: 'dollmod:blockstates/camera.json' missing model for variant: 'dollmod:camera#facing=east'
[12:13:48] [Worker-Main-7/WARN]: Exception loading blockstate definition: 'dollmod:blockstates/camera_shoot.json' missing model for variant: 'dollmod:camera_shoot#facing=west'
[12:13:48] [Worker-Main-7/WARN]: Exception loading blockstate definition: 'dollmod:blockstates/camera_shoot.json' missing model for variant: 'dollmod:camera_shoot#facing=south'
[12:13:48] [Worker-Main-7/WARN]: Exception loading blockstate definition: 'dollmod:blockstates/camera_shoot.json' missing model for variant: 'dollmod:camera_shoot#facing=east'
[12:13:48] [Worker-Main-7/WARN]: Exception loading blockstate definition: 'dollmod:blockstates/camera_shoot.json' missing model for variant: 'dollmod:camera_shoot#facing=north'
[12:13:48] [Worker-Main-7/WARN]: Exception loading blockstate definition: 'dollmod:blockstates/light_one.json' missing model for variant: 'dollmod:light_one#facing=down'
[12:13:48] [Worker-Main-7/WARN]: Exception loading blockstate definition: 'dollmod:blockstates/light_one.json' missing model for variant: 'dollmod:light_one#facing=east'
[12:13:48] [Worker-Main-7/WARN]: Exception loading blockstate definition: 'dollmod:blockstates/light_one.json' missing model for variant: 'dollmod:light_one#facing=west'
[12:13:48] [Worker-Main-7/WARN]: Exception loading blockstate definition: 'dollmod:blockstates/light_one.json' missing model for variant: 'dollmod:light_one#facing=south'
[12:13:48] [Worker-Main-7/WARN]: Exception loading blockstate definition: 'dollmod:blockstates/light_one.json' missing model for variant: 'dollmod:light_one#facing=north'
[12:13:48] [Worker-Main-7/WARN]: Exception loading blockstate definition: 'dollmod:blockstates/light_one.json' missing model for variant: 'dollmod:light_one#facing=up'
[12:13:48] [Worker-Main-7/WARN]: Exception loading blockstate definition: 'dollmod:blockstates/light_post.json' missing model for variant: 'dollmod:light_post#'
[12:13:48] [Worker-Main-7/WARN]: Exception loading blockstate definition: 'dollmod:blockstates/light_in_wall.json' missing model for variant: 'dollmod:light_in_wall#facing=south'
[12:13:48] [Worker-Main-7/WARN]: Exception loading blockstate definition: 'dollmod:blockstates/light_in_wall.json' missing model for variant: 'dollmod:light_in_wall#facing=east'
[12:13:48] [Worker-Main-7/WARN]: Exception loading blockstate definition: 'dollmod:blockstates/light_in_wall.json' missing model for variant: 'dollmod:light_in_wall#facing=west'
[12:13:48] [Worker-Main-7/WARN]: Exception loading blockstate definition: 'dollmod:blockstates/light_in_wall.json' missing model for variant: 'dollmod:light_in_wall#facing=north'
[12:13:48] [Worker-Main-7/WARN]: Exception loading blockstate definition: 'dollmod:blockstates/small_light.json' missing model for variant: 'dollmod:small_light#facing=west'
[12:13:48] [Worker-Main-7/WARN]: Exception loading blockstate definition: 'dollmod:blockstates/small_light.json' missing model for variant: 'dollmod:small_light#facing=south'
[12:13:48] [Worker-Main-7/WARN]: Exception loading blockstate definition: 'dollmod:blockstates/small_light.json' missing model for variant: 'dollmod:small_light#facing=east'
[12:13:48] [Worker-Main-7/WARN]: Exception loading blockstate definition: 'dollmod:blockstates/small_light.json' missing model for variant: 'dollmod:small_light#facing=north'
[12:13:48] [Worker-Main-7/WARN]: Unable to load model: 'dollmod:block/elevator_door' referenced from: dollmod:block/elevator_door: java.io.FileNotFoundException: dollmod:models/block/elevator_door.json
[12:13:48] [Worker-Main-7/WARN]: Unable to load model: 'dollmod:item/fence_block' referenced from: dollmod:item/fence_block: java.io.FileNotFoundException: dollmod:models/item/fence_block.json
[12:13:48] [Worker-Main-7/WARN]: Unable to load model: 'dollmod:item/cookie_table_squid_spawn_egg' referenced from: dollmod:item/cookie_table_squid_spawn_egg: java.io.FileNotFoundException: dollmod:models/item/cookie_table_squid_spawn_egg.json
[12:13:48] [Worker-Main-7/WARN]: Unable to load model: 'dollmod:item/breakable_glass' referenced from: dollmod:item/breakable_glass: java.io.FileNotFoundException: dollmod:models/item/breakable_glass.json
[12:13:48] [Worker-Main-7/WARN]: Unable to load model: 'dollmod:item/lamp' referenced from: dollmod:item/lamp: java.io.FileNotFoundException: dollmod:models/item/lamp.json
[12:13:48] [Worker-Main-7/WARN]: Unable to load model: 'dollmod:item/camera' referenced from: dollmod:item/camera: java.io.FileNotFoundException: dollmod:models/item/camera.json
[12:13:48] [Worker-Main-7/WARN]: Unable to load model: 'dollmod:item/washbasin_guard' referenced from: dollmod:item/washbasin_guard: java.io.FileNotFoundException: dollmod:models/item/washbasin_guard.json
[12:13:48] [Worker-Main-7/WARN]: Unable to load model: 'dollmod:item/security_camera' referenced from: dollmod:item/security_camera: java.io.FileNotFoundException: dollmod:models/item/security_camera.json
[12:13:48] [Worker-Main-7/WARN]: Unable to load model: 'dollmod:item/speaker' referenced from: dollmod:item/speaker: java.io.FileNotFoundException: dollmod:models/item/speaker.json
[12:13:48] [Worker-Main-7/WARN]: Unable to load model: 'dollmod:item/cookie_table_creeper_spawn_egg' referenced from: dollmod:item/cookie_table_creeper_spawn_egg: java.io.FileNotFoundException: dollmod:models/item/cookie_table_creeper_spawn_egg.json
[12:13:48] [Worker-Main-7/WARN]: Unable to load model: 'dollmod:item/camera_shoot' referenced from: dollmod:item/camera_shoot: java.io.FileNotFoundException: dollmod:models/item/camera_shoot.json
[12:13:48] [Worker-Main-7/WARN]: Unable to load model: 'dollmod:item/small_light' referenced from: dollmod:item/small_light: java.io.FileNotFoundException: dollmod:models/item/small_light.json
[12:13:48] [Worker-Main-7/WARN]: Unable to load model: 'dollmod:item/doll_spawn_egg' referenced from: dollmod:item/doll_spawn_egg: java.io.FileNotFoundException: dollmod:models/item/doll_spawn_egg.json
[12:13:48] [Worker-Main-7/WARN]: Unable to load model: 'dollmod:item/cookie_table_circle_spawn_egg' referenced from: dollmod:item/cookie_table_circle_spawn_egg: java.io.FileNotFoundException: dollmod:models/item/cookie_table_circle_spawn_egg.json
[12:13:48] [Worker-Main-7/WARN]: Unable to load model: 'dollmod:item/washbasin' referenced from: dollmod:item/washbasin: java.io.FileNotFoundException: dollmod:models/item/washbasin.json
[12:13:48] [Worker-Main-7/WARN]: Unable to load model: 'dollmod:item/mirror' referenced from: dollmod:item/mirror: java.io.FileNotFoundException: dollmod:models/item/mirror.json
[12:13:48] [Worker-Main-7/WARN]: Unable to load model: 'dollmod:item/window' referenced from: dollmod:item/window: java.io.FileNotFoundException: dollmod:models/item/window.json
[12:13:48] [Worker-Main-7/WARN]: Unable to load model: 'dollmod:item/telephone_spawn_egg' referenced from: dollmod:item/telephone_spawn_egg: java.io.FileNotFoundException: dollmod:models/item/telephone_spawn_egg.json
[12:13:48] [Worker-Main-7/WARN]: Unable to load model: 'dollmod:item/light_post' referenced from: dollmod:item/light_post: java.io.FileNotFoundException: dollmod:models/item/light_post.json
[12:13:48] [Worker-Main-7/WARN]: Unable to load model: 'dollmod:item/glass_block' referenced from: dollmod:item/glass_block: java.io.FileNotFoundException: dollmod:models/item/glass_block.json
[12:13:48] [Worker-Main-7/WARN]: Unable to load model: 'dollmod:item/light_one' referenced from: dollmod:item/light_one: java.io.FileNotFoundException: dollmod:models/item/light_one.json
[12:13:48] [Worker-Main-7/WARN]: Unable to load model: 'dollmod:item/coffin' referenced from: dollmod:item/coffin: java.io.FileNotFoundException: dollmod:models/item/coffin.json
[12:13:48] [Worker-Main-7/WARN]: Unable to load model: 'dollmod:item/light_in_wall' referenced from: dollmod:item/light_in_wall: java.io.FileNotFoundException: dollmod:models/item/light_in_wall.json
[12:13:48] [Worker-Main-7/WARN]: Unable to load model: 'dollmod:item/cuerda_spawn_egg' referenced from: dollmod:item/cuerda_spawn_egg: java.io.FileNotFoundException: dollmod:models/item/cuerda_spawn_egg.json
[12:13:49] [Worker-Main-7/WARN]: Missing textures in model dollmod:h130#inventory:
    minecraft:textures/atlas/blocks.png:dollmod:item/h130
[12:13:49] [Render thread/INFO]: Loaded 0 shader modifications
[12:13:49] [Render thread/ERROR]: Failed to create shader veil:necromancer/skinned_mesh: Failed to compile vertex shader
[12:13:49] [Render thread/WARN]: 0(117) : error C7011: implicit cast from "int" to "uint"

[12:13:49] [Render thread/ERROR]: Failed to create shader veil:light/indirect_sphere: Failed to compile compute shader
[12:13:49] [Render thread/WARN]: 0(44) : error C7011: implicit cast from "int" to "uint"
0(45) : error C7011: implicit cast from "int" to "uint"
0(46) : error C7011: implicit cast from "int" to "uint"
0(47) : error C7011: implicit cast from "int" to "uint"
0(47) : error C7011: implicit cast from "int" to "uint"
0(48) : error C7011: implicit cast from "int" to "uint"
0(48) : error C7011: implicit cast from "int" to "uint"
0(49) : error C7011: implicit cast from "int" to "uint"
0(55) : error C7011: implicit cast from "int" to "uint"
0(58) : error C7011: implicit cast from "int" to "uint"
0(59) : error C7011: implicit cast from "int" to "uint"
0(60) : error C7011: implicit cast from "int" to "uint"
0(61) : error C7011: implicit cast from "int" to "uint"

[12:13:49] [Render thread/INFO]: Loaded 17 shaders from: pinwheel/shaders/program
[12:13:49] [Render thread/WARN]: Missing sound for event: minecraft:item.goat_horn.play
[12:13:49] [Render thread/WARN]: Missing sound for event: minecraft:entity.goat.screaming.horn_break
[12:13:49] [Render thread/INFO]: OpenAL initialized on device OpenAL Soft on Altavoces (WG1)
[12:13:49] [Render thread/INFO]: Sound engine started
[12:13:49] [Render thread/INFO]: [FANCYMENU] Reloading AudioResourceHandler after Minecraft SoundEngine reload..
[12:13:49] [Render thread/INFO]: Created: 4096x2048x0 minecraft:textures/atlas/blocks.png-atlas
[12:13:49] [Render thread/INFO]: Created: 256x256x4 minecraft:textures/atlas/signs.png-atlas
[12:13:49] [Render thread/INFO]: Created: 512x512x4 minecraft:textures/atlas/banner_patterns.png-atlas
[12:13:49] [Render thread/INFO]: Created: 512x512x4 minecraft:textures/atlas/shield_patterns.png-atlas
[12:13:49] [Render thread/INFO]: Created: 1024x1024x4 minecraft:textures/atlas/armor_trims.png-atlas
[12:13:49] [Render thread/INFO]: Created: 256x256x4 minecraft:textures/atlas/chest.png-atlas
[12:13:49] [Render thread/INFO]: Created: 128x64x4 minecraft:textures/atlas/decorated_pot.png-atlas
[12:13:49] [Render thread/INFO]: Created: 512x256x4 minecraft:textures/atlas/beds.png-atlas
[12:13:49] [Render thread/INFO]: Created: 512x256x4 minecraft:textures/atlas/shulker_boxes.png-atlas
[12:13:49] [Render thread/INFO]: Created: 512x256x0 minecraft:textures/atlas/particles.png-atlas
[12:13:49] [Render thread/INFO]: Created: 512x256x0 minecraft:textures/atlas/paintings.png-atlas
[12:13:49] [Render thread/INFO]: Created: 1024x512x0 minecraft:textures/atlas/mob_effects.png-atlas
[12:13:49] [Render thread/INFO]: Created: 64x64x0 minecraft:textures/atlas/map_decorations.png-atlas
[12:13:49] [Render thread/INFO]: Created: 1024x512x0 minecraft:textures/atlas/gui.png-atlas
[12:13:49] [Render thread/WARN]: Shader rendertype_entity_translucent_emissive could not find sampler named Sampler2 in the specified shader program.
[12:13:49] [Render thread/INFO]: Loaded 2 ImGui fonts
[12:13:49] [Render thread/INFO]: Loaded 2 framebuffers
[12:13:50] [Render thread/INFO]: Loaded 3 post pipelines
[12:13:50] [Render thread/ERROR]: Couldn't parse data file dollmod:luz_suelo from dollmod:pinwheel/rendertypes/luz_suelo.json
com.google.gson.JsonSyntaxException: Unknown registry key in ResourceKey[minecraft:root / veil:render_type_layer]: veil:output; Unknown registry key in ResourceKey[minecraft:root / veil:render_type_layer]: veil:write_mask; Unknown registry key in ResourceKey[minecraft:root / veil:render_type_layer]: veil:depth_test; Unknown registry key in ResourceKey[minecraft:root / veil:render_type_layer]: veil:transparency; No key name in MapLike[{"type":"veil:shader","shaderName":"position_color"}]; Unknown registry key in ResourceKey[minecraft:root / veil:render_type_layer]: veil:write_mask; Unknown registry key in ResourceKey[minecraft:root / veil:render_type_layer]: veil:depth_test; Unknown registry key in ResourceKey[minecraft:root / veil:render_type_layer]: veil:transparency; No key name in MapLike[{"type":"veil:shader","shaderName":"position_color"}]
	at knot/foundry.veil.impl.client.render.rendertype.DynamicRenderTypeManager.apply(DynamicRenderTypeManager.java:86) ~[veil-fabric-1.21.1-3.6.2.jar:?]
	at knot/foundry.veil.impl.client.render.rendertype.DynamicRenderTypeManager.method_18788(DynamicRenderTypeManager.java:38) ~[veil-fabric-1.21.1-3.6.2.jar:?]
	at knot/net.minecraft.class_4080.method_18790(class_4080.java:13) ~[client-intermediary.jar:?]
	at java.base/java.util.concurrent.CompletableFuture$UniAccept.tryFire(CompletableFuture.java:718) ~[?:?]
	at java.base/java.util.concurrent.CompletableFuture$Completion.run(CompletableFuture.java:482) ~[?:?]
	at knot/net.minecraft.class_4014.method_18365(class_4014.java:69) ~[client-intermediary.jar:?]
	at knot/net.minecraft.class_1255.method_18859(class_1255.java:162) [client-intermediary.jar:?]
	at knot/net.minecraft.class_4093.method_18859(class_4093.java:23) [client-intermediary.jar:?]
	at knot/net.minecraft.class_1255.method_16075(class_1255.java:136) [client-intermediary.jar:?]
	at knot/net.minecraft.class_1255.method_5383(class_1255.java:121) [client-intermediary.jar:?]
	at knot/net.minecraft.class_310.method_1523(class_310.java:1240) [client-intermediary.jar:?]
	at knot/net.minecraft.class_310.method_1514(class_310.java:882) [client-intermediary.jar:?]
	at knot/net.minecraft.client.main.Main.main(Main.java:256) [client-intermediary.jar:?]
	at net.fabricmc.loader.impl.game.minecraft.MinecraftGameProvider.launch(MinecraftGameProvider.java:514) [fabric-loader-0.18.4.jar:?]
	at net.fabricmc.loader.impl.launch.knot.Knot.launch(Knot.java:72) [fabric-loader-0.18.4.jar:?]
	at net.fabricmc.loader.impl.launch.knot.KnotClient.main(KnotClient.java:23) [fabric-loader-0.18.4.jar:?]
[12:13:50] [Render thread/INFO]: Loaded 4 render types
[12:13:50] [Render thread/INFO]: Enabled bloom pipeline
[12:13:50] [Render thread/INFO]: [FANCYMENU] Reloading resources..
[12:13:50] [Render thread/INFO]: [FANCYMENU] Pre-loading resources..
[12:13:50] [Render thread/INFO]: Loaded 0 quasar particles
[12:13:50] [Render thread/INFO]: Loaded 0 templates
[12:13:50] [Render thread/INFO]: Loaded 0 modules
[12:13:50] [Render thread/INFO]: Built veil:jetbrains_mono
[12:13:50] [Render thread/INFO]: Built veil:remixicon
[12:13:50] [Render thread/INFO]: [FANCYMENU] Minecraft resource reload: FINISHED
[12:13:50] [Render thread/INFO]: Checking for Distant Horizons update
[12:13:51] [Render thread/ERROR]: Unable to set up Modrinth access, error: [Tag mismatch]
javax.net.ssl.SSLException: Tag mismatch
	at java.base/sun.security.ssl.Alert.createSSLException(Alert.java:132) ~[?:?]
	at java.base/sun.security.ssl.TransportContext.fatal(TransportContext.java:383) ~[?:?]
	at java.base/sun.security.ssl.TransportContext.fatal(TransportContext.java:326) ~[?:?]
	at java.base/sun.security.ssl.TransportContext.fatal(TransportContext.java:321) ~[?:?]
	at java.base/sun.security.ssl.SSLTransport.decode(SSLTransport.java:123) ~[?:?]
	at java.base/sun.security.ssl.SSLSocketImpl.decode(SSLSocketImpl.java:1509) ~[?:?]
	at java.base/sun.security.ssl.SSLSocketImpl.readApplicationRecord(SSLSocketImpl.java:1480) ~[?:?]
	at java.base/sun.security.ssl.SSLSocketImpl$AppInputStream.read(SSLSocketImpl.java:1066) ~[?:?]
	at java.base/java.io.BufferedInputStream.read1(BufferedInputStream.java:345) ~[?:?]
	at java.base/java.io.BufferedInputStream.implRead(BufferedInputStream.java:420) ~[?:?]
	at java.base/java.io.BufferedInputStream.read(BufferedInputStream.java:399) ~[?:?]
	at java.base/sun.net.www.http.ChunkedInputStream.fastRead(ChunkedInputStream.java:244) ~[?:?]
	at java.base/sun.net.www.http.ChunkedInputStream.read(ChunkedInputStream.java:698) ~[?:?]
	at java.base/java.io.FilterInputStream.read(FilterInputStream.java:119) ~[?:?]
	at java.base/sun.net.www.protocol.http.HttpURLConnection$HttpInputStream.read(HttpURLConnection.java:3692) ~[?:?]
	at java.base/sun.nio.cs.StreamDecoder.readBytes(StreamDecoder.java:350) ~[?:?]
	at java.base/sun.nio.cs.StreamDecoder.implRead(StreamDecoder.java:393) ~[?:?]
	at java.base/sun.nio.cs.StreamDecoder.lockedRead(StreamDecoder.java:217) ~[?:?]
	at java.base/sun.nio.cs.StreamDecoder.read(StreamDecoder.java:171) ~[?:?]
	at java.base/java.io.InputStreamReader.read(InputStreamReader.java:188) ~[?:?]
	at java.base/java.io.BufferedReader.fill(BufferedReader.java:160) ~[?:?]
	at java.base/java.io.BufferedReader.implReadLine(BufferedReader.java:370) ~[?:?]
	at java.base/java.io.BufferedReader.readLine(BufferedReader.java:347) ~[?:?]
	at java.base/java.io.BufferedReader.readLine(BufferedReader.java:436) ~[?:?]
	at knot/com.seibel.distanthorizons.core.jar.installer.WebDownloader.downloadAsString(WebDownloader.java:111) ~[DistantHorizons-2.4.2-b-1.21.1-fabric-neoforge.jar:?]
	at knot/com.seibel.distanthorizons.core.jar.installer.WebDownloader.parseWebJsonList(WebDownloader.java:143) ~[DistantHorizons-2.4.2-b-1.21.1-fabric-neoforge.jar:?]
	at knot/com.seibel.distanthorizons.core.jar.installer.WebDownloader.parseWebJsonList(WebDownloader.java:138) ~[DistantHorizons-2.4.2-b-1.21.1-fabric-neoforge.jar:?]
	at knot/com.seibel.distanthorizons.core.jar.installer.ModrinthGetter.init(ModrinthGetter.java:65) ~[DistantHorizons-2.4.2-b-1.21.1-fabric-neoforge.jar:?]
	at knot/com.seibel.distanthorizons.core.jar.updater.SelfUpdater.onStableStart(SelfUpdater.java:107) ~[DistantHorizons-2.4.2-b-1.21.1-fabric-neoforge.jar:?]
	at knot/com.seibel.distanthorizons.core.jar.updater.SelfUpdater.onStart(SelfUpdater.java:95) ~[DistantHorizons-2.4.2-b-1.21.1-fabric-neoforge.jar:?]
	at knot/net.minecraft.class_310.redirect$zzp000$distanthorizons$buildInitialScreens(class_310.java:3753) ~[client-intermediary.jar:?]
	at knot/net.minecraft.class_310.method_51736(class_310.java:722) ~[client-intermediary.jar:?]
	at knot/net.minecraft.class_310.method_53465(class_310.java:711) ~[client-intermediary.jar:?]
	at knot/net.minecraft.class_310.method_29338(class_310.java:701) ~[client-intermediary.jar:?]
	at knot/net.minecraft.class_156.method_17974(class_156.java:597) ~[client-intermediary.jar:?]
	at knot/net.minecraft.class_310.method_53522(class_310.java:696) ~[client-intermediary.jar:?]
	at knot/net.minecraft.class_425.method_25394(class_425.java:149) [client-intermediary.jar:?]
	at knot/net.minecraft.class_757.method_3192(class_757.java:902) [client-intermediary.jar:?]
	at knot/net.minecraft.class_310.method_1523(class_310.java:1285) [client-intermediary.jar:?]
	at knot/net.minecraft.class_310.method_1514(class_310.java:882) [client-intermediary.jar:?]
	at knot/net.minecraft.client.main.Main.main(Main.java:256) [client-intermediary.jar:?]
	at net.fabricmc.loader.impl.game.minecraft.MinecraftGameProvider.launch(MinecraftGameProvider.java:514) [fabric-loader-0.18.4.jar:?]
	at net.fabricmc.loader.impl.launch.knot.Knot.launch(Knot.java:72) [fabric-loader-0.18.4.jar:?]
	at net.fabricmc.loader.impl.launch.knot.KnotClient.main(KnotClient.java:23) [fabric-loader-0.18.4.jar:?]
Caused by: javax.crypto.AEADBadTagException: Tag mismatch
	at java.base/com.sun.crypto.provider.GaloisCounterMode$GCMDecrypt.doFinal(GaloisCounterMode.java:1652) ~[?:?]
	at java.base/com.sun.crypto.provider.GaloisCounterMode.engineDoFinal(GaloisCounterMode.java:458) ~[?:?]
	at java.base/javax.crypto.Cipher.doFinal(Cipher.java:2543) ~[?:?]
	at java.base/sun.security.ssl.SSLCipher$T13GcmReadCipherGenerator$GcmReadCipher.decrypt(SSLCipher.java:1908) ~[?:?]
	at java.base/sun.security.ssl.SSLSocketInputRecord.decodeInputRecord(SSLSocketInputRecord.java:264) ~[?:?]
	at java.base/sun.security.ssl.SSLSocketInputRecord.decode(SSLSocketInputRecord.java:181) ~[?:?]
	at java.base/sun.security.ssl.SSLTransport.decode(SSLTransport.java:111) ~[?:?]
	... 39 more
[12:13:51] [Render thread/WARN]: Unable to find any nightly build pipelines, auto update will be unavailable.
[12:13:51] [Render thread/INFO]: [FANCYMENU] ScreenCustomizationLayer registered: title_screen
[12:13:51] [Render thread/INFO]: Compiled 56 vanilla shaders in 1.275 s
[12:13:52] [Render thread/INFO]: Finished uploading vanilla shaders
[12:13:53] [Render thread/INFO]: [FANCYMENU] ScreenCustomizationLayer registered: progress_screen
[12:13:53] [Render thread/INFO]: [FANCYMENU] ScreenCustomizationLayer registered: connect_screen
[12:13:53] [Render thread/INFO]: Connecting to 64.95.151.168, 25567
[12:14:00] [Render thread/INFO]: [FANCYMENU] ScreenCustomizationLayer registered: receiving_level_screen
[12:14:00] [Render thread/INFO]: Loading client level [Wrapped{ClientLevel@6vjc80bnflku2@minecraft:overworld}]-[6vjc80bnflku2@minecraft:overworld].
[12:14:00] [Render thread/INFO]: Started 6 worker threads
[12:14:00] [Render thread/INFO]: Client on ClientOnly mode connecting.
[12:14:00] [Render thread/INFO]: Started DhWorld of type CLIENT_ONLY
[12:14:00] [Render thread/INFO]: Loading [1] waiting client level wrappers.
[12:14:00] [Render thread/INFO]: Loading client level [Wrapped{ClientLevel@6vjc80bnflku2@minecraft:overworld}]-[6vjc80bnflku2@minecraft:overworld].
[12:14:00] [DH-Full Data Migration Thread[0]/INFO]: No migration necessary.
[12:14:01] [Render thread/INFO]: Started DHLevel for Wrapped{ClientLevel@6vjc80bnflku2@minecraft:overworld} with saves at [ClientOnlySaveStructure@(C:\Users\USUARIO\Downloads\Squid Games Instace\Distant_Horizons_server_data\64%2E95%2E151%2E16825567\6vjc80bnflku2@minecraft@@overworld)]
[12:14:01] [Render thread/INFO]: Loaded [0] waiting chunk wrappers.
[12:14:01] [Render thread/WARN]: Ambiguity between arguments [cam, insert, location] and [cam, insert, index] with inputs: [0 0 0]
[12:14:01] [Render thread/WARN]: Ambiguity between arguments [cam, set, location] and [cam, set, index] with inputs: [0 0 0]
[12:14:01] [Render thread/INFO]: Loaded 385 advancements
[12:14:01] [Render thread/INFO]: Server time offset: [-640] ms
[12:14:01] [Render thread/INFO]: Server level key received: [6vjc80bnflku2@minecraft:overworld].
[12:14:01] [Render thread/INFO]: Creating GLProxy... If this is the last message you see there must have been an OpenGL error.
[12:14:01] [Render thread/INFO]: Lod Render OpenGL version [3.3.0 NVIDIA 560.94].
[12:14:01] [Render thread/INFO]: minecraftGlCapabilities:
Your OpenGL support:
openGL version 3.2+: [true] <- REQUIRED
Vertex Attribute Buffer Binding: [true] <- optional improvement
Buffer Storage: [true] <- optional improvement

[12:14:01] [Render thread/INFO]: GPU Vendor [NVIDIA CORPORATION] with OS [Windows], Preferred upload method is [BUFFER_STORAGE].
[12:14:01] [Render thread/INFO]: GLProxy creation successful. OpenGL smiles upon you this day.
[12:14:01] [Render thread/INFO]: Connection config has been changed: [SessionConfig{values={generation.enable=true, generation.maxRequestDistance=4096, generation.bounds.centerChunk.x=0, generation.bounds.centerChunk.z=0, generation.bounds.radiusInChunks=0, generation.requestRateLimit=20, realTimeUpdates.enable=true, realTimeUpdates.playerDistance=256, syncOnLoad.enable=true, syncOnLoad.maxRequestDistance=4096, syncOnLoad.rateLimit=50, common.playerBandwidthLimit=500}}].
[12:14:01] [DH-Request Module Ticker [6vjc80bnflku2@minecraft:overworld] Thread[0]/INFO]: Set world gen queue for level [6vjc80bnflku2@minecraft:overworld].
[12:14:01] [Render thread/INFO]: Connecting to 64.95.151.168:53532
[12:14:01] [Render thread/INFO]: Disconnecting from /64.95.151.168:53532 with reason RECONNECT
[12:14:01] [Render thread/INFO]: Connecting to 64.95.151.168:53532
[12:14:01] [Render thread/INFO]: [FANCYMENU] Connected to a server with FancyMenu installed: 64.95.151.168:25567
[12:14:01] [Render thread/INFO]: Stopping worker threads
[12:14:01] [Render thread/INFO]: Started 6 worker threads
[12:14:02] [Render thread/INFO]: [System] [CHAT] §6Distant Horizons: Low memory detected.§r \nStuttering or low FPS may occur. \nPlease increase Minecraft's available memory to 4 GB or more. \nThis warning can be disabled in DH's config under Advanced -> Logging. \n
[12:14:02] [Render thread/INFO]: Unloading non-keyed level: [6vjc80bnflku2@minecraft:overworld].
[12:14:02] [Render thread/INFO]: Unloading client level [ClientLevelWrapper]-[6vjc80bnflku2@minecraft:overworld].
[12:14:02] [Render thread/INFO]: Unloading level DhClientLevel{6vjc80bnflku2@minecraft:overworld}
[12:14:02] [Render thread/INFO]: Shutting down ClientRenderState
[12:14:02] [Render thread/INFO]: Shutting down LodQuadTree...
[12:14:02] [Render thread/INFO]: Finished shutting down LodQuadTree
[12:14:02] [Render thread/INFO]: Closed [DhClientLevel] for [Wrapped{ClientLevel@6vjc80bnflku2@minecraft:overworld}]
[12:14:02] [Render thread/INFO]: Loading level with key: [6vjc80bnflku2@minecraft:overworld].
[12:14:02] [Render thread/INFO]: Loading client level [Wrapped{ClientLevel@6vjc80bnflku2@minecraft:overworld}]-[6vjc80bnflku2@minecraft:overworld].
[12:14:02] [Render thread/INFO]: Loading level [6vjc80bnflku2@minecraft:overworld] with key: [6vjc80bnflku2@minecraft:overworld].
[12:14:02] [DH-Full Data Migration Thread[0]/INFO]: No migration necessary.
[12:14:02] [Render thread/INFO]: Started DHLevel for Wrapped{ClientLevel@6vjc80bnflku2@minecraft:overworld} with saves at [ClientOnlySaveStructure@(C:\Users\USUARIO\Downloads\Squid Games Instace\Distant_Horizons_server_data\64%2E95%2E151%2E16825567\6vjc80bnflku2@minecraft@@overworld;C:\Users\USUARIO\Downloads\Squid Games Instace\Distant_Horizons_server_data\64%2E95%2E151%2E16825567\6vjc80bnflku2@minecraft@@overworld)]
[12:14:02] [Render thread/INFO]: Loaded [0] waiting chunk wrappers.
[12:14:02] [DH-Request Module Ticker [6vjc80bnflku2@minecraft:overworld] Thread[0]/INFO]: Set world gen queue for level [6vjc80bnflku2@minecraft:overworld].
[12:14:02] [Render thread/INFO]: Multi-Bind supported, using core
[12:14:02] [Render thread/INFO]: Setting up renderer
[12:14:02] [Render thread/INFO]: Loading shader with type: [35633]
[12:14:02] [Render thread/INFO]: Shader loaded sucessfully.
[12:14:02] [Render thread/INFO]: Loading shader with type: [35632]
[12:14:02] [Render thread/INFO]: Shader loaded sucessfully.
[12:14:02] [Render thread/INFO]: Vertex Attribute (GL43+) completed. It contains 1 binding points and a stride size of 16
[12:14:02] [Render thread/INFO]: Renderer setup complete
[12:14:02] [Render thread/INFO]: Loading shader with type: [35633]
[12:14:02] [Render thread/INFO]: Shader loaded sucessfully.
[12:14:02] [Render thread/INFO]: Loading shader with type: [35632]
[12:14:02] [Render thread/INFO]: Shader loaded sucessfully.
[12:14:02] [Render thread/INFO]: Vertex Attribute (GL43+) completed. It contains 1 binding points and a stride size of 12
[12:14:02] [Render thread/INFO]: Loading shader with type: [35633]
[12:14:02] [Render thread/INFO]: Shader loaded sucessfully.
[12:14:02] [Render thread/INFO]: Loading shader with type: [35632]
[12:14:02] [Render thread/INFO]: Shader loaded sucessfully.
[12:14:02] [Render thread/INFO]: Vertex Attribute (GL43+) completed. It contains 1 binding points and a stride size of 12
[12:14:02] [Render thread/INFO]: Loading shader with type: [35633]
[12:14:02] [Render thread/INFO]: Shader loaded sucessfully.
[12:14:02] [Render thread/INFO]: Loading shader with type: [35632]
[12:14:02] [Render thread/INFO]: Shader loaded sucessfully.
[12:14:02] [Render thread/INFO]: Loading shader with type: [35633]
[12:14:02] [Render thread/INFO]: Shader loaded sucessfully.
[12:14:02] [Render thread/INFO]: Loading shader with type: [35632]
[12:14:02] [Render thread/INFO]: Shader loaded sucessfully.
[12:14:02] [Render thread/INFO]: Vertex Attribute (GL43+) completed. It contains 1 binding points and a stride size of 8
[12:14:02] [Render thread/INFO]: Loading shader with type: [35633]
[12:14:02] [Render thread/INFO]: Shader loaded sucessfully.
[12:14:02] [Render thread/INFO]: Loading shader with type: [35632]
[12:14:02] [Render thread/INFO]: Shader loaded sucessfully.
[12:14:02] [Render thread/INFO]: Loading shader with type: [35633]
[12:14:02] [Render thread/INFO]: Shader loaded sucessfully.
[12:14:02] [Render thread/INFO]: Loading shader with type: [35632]
[12:14:02] [Render thread/INFO]: Shader loaded sucessfully.
[12:14:02] [Render thread/INFO]: Loading shader with type: [35633]
[12:14:02] [Render thread/INFO]: Shader loaded sucessfully.
[12:14:02] [Render thread/INFO]: Loading shader with type: [35632]
[12:14:02] [Render thread/INFO]: Shader loaded sucessfully.
[12:14:02] [Render thread/INFO]: Loading shader with type: [35633]
[12:14:02] [Render thread/INFO]: Shader loaded sucessfully.
[12:14:02] [Render thread/INFO]: Loading shader with type: [35632]
[12:14:02] [Render thread/INFO]: Shader loaded sucessfully.
[12:14:02] [Render thread/INFO]: [FANCYMENU] ScreenCustomizationLayer registered: pause_screen
[12:14:03] [Render thread/INFO]: Device OpenAL Soft on Micrófono (WG1) initialized
[12:14:03] [Render thread/INFO]: Audio capture initialized
[12:14:03] [Al Output Device OpenAL Soft on Altavoces (WG1)/INFO]: Device OpenAL Soft on Altavoces (WG1) initialized
[12:14:03] [Render thread/INFO]: Connected to /64.95.151.168:53532
[12:14:03] [Render thread/INFO]: [System] [CHAT] La nueva versión 2.1.9 de Plasmo Voice está disponible: Descargar
[12:14:21] [Render thread/INFO]: [FANCYMENU] ScreenCustomizationLayer registered: chat_screen
[12:14:26] [Render thread/INFO]: Rate limited by server, re-queueing task [9*-9,8]: Sync on login rate limit: 50
[12:14:28] [Render thread/INFO]: [FANCYMENU] ScreenCustomizationLayer registered: com.dollmod.client.screen.PlayerCustomInventoryScreen
[12:15:13] [Render thread/INFO]: [FANCYMENU] ScreenCustomizationLayer registered: inventory_screen
[12:15:13] [Render thread/INFO]: [FANCYMENU] ScreenCustomizationLayer registered: creative_mode_inventory_screen
[12:16:04] [Render thread/INFO]: [FANCYMENU] ScreenCustomizationLayer registered: options_screen
[12:16:05] [Render thread/INFO]: [FANCYMENU] ScreenCustomizationLayer registered: net.caffeinemc.mods.sodium.client.gui.SodiumOptionsGUI
[12:24:06] [Render thread/INFO]: Rate limited by server, re-queueing task [7*-27,33]: Sync on login rate limit: 50
[12:34:51] [Render thread/INFO]: Loaded 386 advancements
[12:42:28] [Render thread/INFO]: [STDERR]: java.lang.ClassNotFoundException: example.menu.identifier
[12:42:28] [Render thread/INFO]: [STDERR]: 	at java.base/jdk.internal.loader.BuiltinClassLoader.loadClass(BuiltinClassLoader.java:641)
[12:42:28] [Render thread/INFO]: [STDERR]: 	at java.base/java.lang.ClassLoader.loadClass(ClassLoader.java:526)
[12:42:28] [Render thread/INFO]: [STDERR]: 	at net.fabricmc.loader.impl.launch.knot.KnotClassDelegate.loadClass(KnotClassDelegate.java:239)
[12:42:28] [Render thread/INFO]: [STDERR]: 	at net.fabricmc.loader.impl.launch.knot.KnotClassLoader.loadClass(KnotClassLoader.java:119)
[12:42:28] [Render thread/INFO]: [STDERR]: 	at java.base/java.lang.ClassLoader.loadClass(ClassLoader.java:526)
[12:42:28] [Render thread/INFO]: [STDERR]: 	at java.base/java.lang.Class.forName0(Native Method)
[12:42:28] [Render thread/INFO]: [STDERR]: 	at java.base/java.lang.Class.forName(Class.java:534)
[12:42:28] [Render thread/INFO]: [STDERR]: 	at java.base/java.lang.Class.forName(Class.java:513)
[12:42:28] [Render thread/INFO]: [STDERR]: 	at knot//de.keksuccino.fancymenu.customization.screen.ScreenInstanceFactory.tryConstruct(ScreenInstanceFactory.java:93)
[12:42:28] [Render thread/INFO]: [STDERR]: 	at knot//de.keksuccino.fancymenu.customization.action.actions.level.DisconnectAction.lambda$execute$0(DisconnectAction.java:46)
[12:42:28] [Render thread/INFO]: [STDERR]: 	at knot//net.minecraft.class_7574.method_46552(class_7574.java:52)
[12:42:28] [Render thread/INFO]: [STDERR]: 	at knot//de.keksuccino.fancymenu.customization.action.actions.level.DisconnectAction.execute(DisconnectAction.java:39)
[12:42:28] [Render thread/INFO]: [STDERR]: 	at knot//de.keksuccino.fancymenu.customization.action.ActionInstance.execute(ActionInstance.java:59)
[12:42:28] [Render thread/INFO]: [STDERR]: 	at knot//de.keksuccino.fancymenu.customization.action.blocks.AbstractExecutableBlock.execute(AbstractExecutableBlock.java:39)
[12:42:28] [Render thread/INFO]: [STDERR]: 	at knot//de.keksuccino.fancymenu.customization.element.elements.button.custombutton.ButtonElementBuilder.lambda$buildDefaultInstance$1(ButtonElementBuilder.java:40)
[12:42:28] [Render thread/INFO]: [STDERR]: 	at knot//net.minecraft.class_4185.method_25306(class_4185.java:96)
[12:42:28] [Render thread/INFO]: [STDERR]: 	at knot//net.minecraft.class_4264.method_25348(class_4264.java:48)
[12:42:28] [Render thread/INFO]: [STDERR]: 	at knot//net.minecraft.class_339.method_25402(class_339.java:141)
[12:42:28] [Render thread/INFO]: [STDERR]: 	at knot//net.minecraft.class_4069.method_25402(class_4069.java:38)
[12:42:28] [Render thread/INFO]: [STDERR]: 	at knot//net.minecraft.class_312.method_1611(class_312.java:107)
[12:42:28] [Render thread/INFO]: [STDERR]: 	at knot//net.minecraft.class_437.method_25412(class_437.java:431)
[12:42:28] [Render thread/INFO]: [STDERR]: 	at knot//net.minecraft.class_312.method_1601(class_312.java:107)
[12:42:28] [Render thread/INFO]: [STDERR]: 	at knot//net.minecraft.class_312.method_22686(class_312.java:196)
[12:42:28] [Render thread/INFO]: [STDERR]: 	at knot//net.minecraft.class_1255.execute(class_1255.java:108)
[12:42:28] [Render thread/INFO]: [STDERR]: 	at knot//net.minecraft.class_312.method_22684(class_312.java:196)
[12:42:28] [Render thread/INFO]: [STDERR]: 	at knot//org.lwjgl.glfw.GLFWMouseButtonCallback$Container.invoke(GLFWMouseButtonCallback.java:81)
[12:42:28] [Render thread/INFO]: [STDERR]: 	at knot//foundry.veil.impl.client.imgui.VeilImGuiImplGlfw.mouseButtonCallback(VeilImGuiImplGlfw.java:123)
[12:42:28] [Render thread/INFO]: [STDERR]: 	at knot//org.lwjgl.glfw.GLFWMouseButtonCallbackI.callback(GLFWMouseButtonCallbackI.java:43)
[12:42:28] [Render thread/INFO]: [STDERR]: 	at knot//org.lwjgl.system.JNI.invokeV(Native Method)
[12:42:28] [Render thread/INFO]: [STDERR]: 	at knot//org.lwjgl.glfw.GLFW.glfwPollEvents(GLFW.java:3438)
[12:42:28] [Render thread/INFO]: [STDERR]: 	at knot//com.mojang.blaze3d.systems.RenderSystem.pollEvents(RenderSystem.java:150)
[12:42:28] [Render thread/INFO]: [STDERR]: 	at knot//com.mojang.blaze3d.systems.RenderSystem.flipFrame(RenderSystem.java:168)
[12:42:28] [Render thread/INFO]: [STDERR]: 	at knot//net.minecraft.class_1041.method_15998(class_1041.java:303)
[12:42:28] [Render thread/INFO]: [STDERR]: 	at knot//net.minecraft.class_310.method_1523(class_310.java:1307)
[12:42:28] [Render thread/INFO]: [STDERR]: 	at knot//net.minecraft.class_310.method_1514(class_310.java:882)
[12:42:28] [Render thread/INFO]: [STDERR]: 	at knot//net.minecraft.client.main.Main.main(Main.java:256)
[12:42:28] [Render thread/INFO]: [STDERR]: 	at net.fabricmc.loader.impl.game.minecraft.MinecraftGameProvider.launch(MinecraftGameProvider.java:514)
[12:42:28] [Render thread/INFO]: [STDERR]: 	at net.fabricmc.loader.impl.launch.knot.Knot.launch(Knot.java:72)
[12:42:28] [Render thread/INFO]: [STDERR]: 	at net.fabricmc.loader.impl.launch.knot.KnotClient.main(KnotClient.java:23)
[12:42:28] [Render thread/INFO]: Client on ClientOnly mode disconnecting.
[12:42:28] [Netty Client IO #0/INFO]: Disconnecting from /64.95.151.168:53532 with reason DISCONNECT
[12:42:28] [level shutdown/INFO]: Shutting down ClientRenderState
[12:42:28] [level shutdown/INFO]: Shutting down LodQuadTree...
[12:42:28] [level shutdown/INFO]: Finished shutting down LodQuadTree
[12:42:28] [level shutdown/INFO]: Closed [DhClientLevel] for [Wrapped{ClientLevel@6vjc80bnflku2@minecraft:overworld}]
[12:42:28] [Render thread/INFO]: Closed DhWorld of type [CLIENT_ONLY].
[12:42:28] [Render thread/INFO]: Closed DhWorld of type [CLIENT_ONLY].
[12:42:28] [Render thread/INFO]: Shutting down PriorityTaskPicker thread pool...
[12:42:28] [Render thread/INFO]: Closing all [2] database connections...
[12:42:28] [Render thread/INFO]: Closing database connection: [jdbc:dh_sqlite:C:\Users\USUARIO\Downloads\Squid Games Instace\Distant_Horizons_server_data\64%2E95%2E151%2E16825567\6vjc80bnflku2@minecraft@@overworld\DistantHorizons.sqlite]
[12:42:29] [Voice Audio Capture/INFO]: Device OpenAL Soft on Micrófono (WG1) closed
[12:42:29] [Al Output Device OpenAL Soft on Altavoces (WG1)/INFO]: Device OpenAL Soft on Altavoces (WG1) closed
[12:42:29] [Render thread/INFO]: Unloading client level [ServerKeyedClientLevelWrapper]-[6vjc80bnflku2@minecraft:overworld].
[12:42:29] [Render thread/INFO]: Stopping worker threads
[12:42:30] [Render thread/INFO]: Stopping!
[12:42:30] [Render thread/INFO]: Shutting down
